
fMRIprep on DEV005_wave2

Container: /projects/sanlab/shared/containers/fmriprep-latest-2018-09-05.simg

Subject directory: /projects/sanlab/shared/DEV/bids_data

Starting on: rest


210413-23:42:46,753 nipype.workflow IMPORTANT:
	 
    Running fMRIPREP version 1.1.4:
      * BIDS dataset path: /projects/sanlab/shared/DEV/bids_data.
      * Participant list: ['DEV005'].
      * Run identifier: 20210413-234246_ff49fe5b-4921-4fe4-b3ca-15a6d249c05e.
    
210413-23:43:16,604 nipype.workflow IMPORTANT:
	 Creating bold processing workflow for "/projects/sanlab/shared/DEV/bids_data/sub-DEV005/ses-wave1/func/sub-DEV005_ses-wave1_task-rest_acq-1_bold.nii.gz" (0.23 GB / 414 TRs). Memory resampled/largemem=0.90/1.83 GB.
210413-23:43:18,72 nipype.workflow IMPORTANT:
	 SDC: fieldmap estimation of type "epi" intended for /projects/sanlab/shared/DEV/bids_data/sub-DEV005/ses-wave1/func/sub-DEV005_ses-wave1_task-rest_acq-1_bold.nii.gz found.
210413-23:43:19,730 nipype.workflow IMPORTANT:
	 Creating bold processing workflow for "/projects/sanlab/shared/DEV/bids_data/sub-DEV005/ses-wave1/func/sub-DEV005_ses-wave1_task-rest_acq-2_bold.nii.gz" (0.23 GB / 414 TRs). Memory resampled/largemem=0.91/1.84 GB.
210413-23:43:20,707 nipype.workflow IMPORTANT:
	 SDC: fieldmap estimation of type "epi" intended for /projects/sanlab/shared/DEV/bids_data/sub-DEV005/ses-wave1/func/sub-DEV005_ses-wave1_task-rest_acq-2_bold.nii.gz found.
210413-23:43:22,163 nipype.workflow IMPORTANT:
	 Creating bold processing workflow for "/projects/sanlab/shared/DEV/bids_data/sub-DEV005/ses-wave2/func/sub-DEV005_ses-wave2_task-rest_acq-1_bold.nii.gz" (0.23 GB / 414 TRs). Memory resampled/largemem=0.91/1.85 GB.
210413-23:43:23,166 nipype.workflow IMPORTANT:
	 SDC: fieldmap estimation of type "epi" intended for /projects/sanlab/shared/DEV/bids_data/sub-DEV005/ses-wave2/func/sub-DEV005_ses-wave2_task-rest_acq-1_bold.nii.gz found.
210413-23:43:24,719 nipype.workflow IMPORTANT:
	 Creating bold processing workflow for "/projects/sanlab/shared/DEV/bids_data/sub-DEV005/ses-wave2/func/sub-DEV005_ses-wave2_task-rest_acq-2_bold.nii.gz" (0.23 GB / 414 TRs). Memory resampled/largemem=0.91/1.86 GB.
210413-23:43:25,704 nipype.workflow IMPORTANT:
	 SDC: fieldmap estimation of type "epi" intended for /projects/sanlab/shared/DEV/bids_data/sub-DEV005/ses-wave2/func/sub-DEV005_ses-wave2_task-rest_acq-2_bold.nii.gz found.
210413-23:43:30,31 nipype.workflow IMPORTANT:
	 Works derived from this fMRIPrep execution should include the following boilerplate:


Results included in this manuscript come from preprocessing
performed using *fMRIPprep* 1.1.4
(@fmriprep1; @fmriprep2; RRID:SCR_016216),
which is based on *Nipype* 1.1.1
(@nipype1; @nipype2; RRID:SCR_002502).

Anatomical data preprocessing

: A total of 2 T1-weighted (T1w) images were found within the input
BIDS dataset.
All of them were corrected for intensity non-uniformity (INU)
using `N4BiasFieldCorrection` [@n4, ANTs 2.2.0].
A T1w-reference map was computed after registration of
2 T1w images (after INU-correction) using
`mri_robust_template` [FreeSurfer 6.0.1, @fs_template].
The T1w-reference was then skull-stripped using `antsBrainExtraction.sh`
(ANTs 2.2.0), using OASIS as target template.
Spatial normalization to the ICBM 152 Nonlinear Asymmetrical
template version 2009c [@mni, RRID:SCR_008796] was performed
through nonlinear registration with `antsRegistration`
[ANTs 2.2.0, RRID:SCR_004757, @ants], using
brain-extracted versions of both T1w volume and template.
Brain tissue segmentation of cerebrospinal fluid (CSF),
white-matter (WM) and gray-matter (GM) was performed on
the brain-extracted T1w using `fast` [FSL 5.0.9, RRID:SCR_002823,
@fsl_fast].


Functional data preprocessing

: For each of the 4 BOLD runs found per subject (across all
tasks and sessions), the following preprocessing was performed.
First, a reference volume and its skull-stripped version were generated
using a custom methodology of *fMRIPrep*.
A deformation field to correct for susceptibility distortions was estimated
based on two echo-planar imaging (EPI) references with opposing phase-encoding
directions, using `3dQwarp` @afni (AFNI <ver>).
Based on the estimated susceptibility distortion, an
unwarped BOLD reference was calculated for a more accurate
co-registration with the anatomical reference.
Head-motion parameters with respect to the BOLD reference
(transformation matrices, and six corresponding rotation and translation
parameters) are estimated before any spatiotemporal filtering using
`mcflirt` [FSL 5.0.9, @mcflirt].
The BOLD time-series (including slice-timing correction when applied)
were resampled onto their original, native space by applying
a single, composite transform to correct for head-motion and
susceptibility distortions.
These resampled BOLD time-series will be referred to as *preprocessed
BOLD in original space*, or just *preprocessed BOLD*.
The BOLD reference was then co-registered to the T1w reference using
`flirt` [FSL 5.0.9, @flirt] with the boundary-based registration [@bbr]
cost-function.
Co-registration was configured with nine degrees of freedom to account
for distortions remaining in the BOLD reference.
The BOLD time-series were resampled to MNI152NLin2009cAsym standard space,
generating a *preprocessed BOLD run in MNI152NLin2009cAsym space*.
Several confounding time-series were calculated based on the
*preprocessed BOLD*: framewise displacement (FD), DVARS and
three region-wise global signals.
FD and DVARS are calculated for each functional run, both using their
implementations in *Nipype* [following the definitions by @power_fd_dvars].
The three global signals are extracted within the CSF, the WM, and
the whole-brain masks.
Additionally, a set of physiological regressors were extracted to
allow for component-based noise correction [*CompCor*, @compcor].
Principal components are estimated after high-pass filtering the
*preprocessed BOLD* time-series (using a discrete cosine filter with
128s cut-off) for the two *CompCor* variants: temporal (tCompCor)
and anatomical (aCompCor).
Six tCompCor components are then calculated from the top 5% variable
voxels within a mask covering the subcortical regions.
This subcortical mask is obtained by heavily eroding the brain mask,
which ensures it does not include cortical GM regions.
For aCompCor, six components are calculated within the intersection of
the aforementioned mask and the union of CSF and WM masks calculated
in T1w space, after their projection to the native space of each
functional run (using the inverse BOLD-to-T1w transformation).
The head-motion estimates calculated in the correction step were also
placed within the corresponding confounds file.
All resamplings can be performed with *a single interpolation
step* by composing all the pertinent transformations (i.e. head-motion
transform matrices, susceptibility distortion correction when available,
and co-registrations to anatomical and template spaces).
Gridded (volumetric) resamplings were performed using `antsApplyTransforms` (ANTs),
configured with Lanczos interpolation to minimize the smoothing
effects of other kernels [@lanczos].
Non-gridded (surface) resamplings were performed using `mri_vol2surf`
(FreeSurfer).


Many internal operations of *fMRIPrep* use
*Nilearn* 0.4.2 [@nilearn, RRID:SCR_001362],
mostly within the functional processing workflow.
For more details of the pipeline, see [the section corresponding
to workflows in *fMRIPrep*'s documentation](https://fmriprep.readthedocs.io/en/latest/workflows.html "FMRIPrep's documentation").


### References


210413-23:43:48,930 nipype.workflow WARNING:
	 Some nodes exceed the total amount of memory available (9.77GB).
210413-23:43:48,931 nipype.workflow WARNING:
	 Some nodes demand for more threads than available (1).
210413-23:43:50,749 nipype.workflow INFO:
	 [Node] Setting-up "fmriprep_wf.single_subject_DEV005_wf.func_preproc_ses_wave1_task_rest_acq_1_wf.sdc_wf.pepolar_unwarp_wf.prepare_epi_opposite_wf.split" in "/tmp/fmriprep_wf/single_subject_DEV005_wf/func_preproc_ses_wave1_task_rest_acq_1_wf/sdc_wf/pepolar_unwarp_wf/prepare_epi_opposite_wf/split".
210413-23:43:50,753 nipype.workflow INFO:
	 [Node] Setting-up "_split0" in "/tmp/fmriprep_wf/single_subject_DEV005_wf/func_preproc_ses_wave1_task_rest_acq_1_wf/sdc_wf/pepolar_unwarp_wf/prepare_epi_opposite_wf/split/mapflow/_split0".
210413-23:43:50,755 nipype.workflow INFO:
	 [Node] Running "_split0" ("nipype.interfaces.fsl.utils.Split"), a CommandLine Interface with command:
fslsplit /projects/sanlab/shared/DEV/bids_data/sub-DEV005/ses-wave1/fmap/sub-DEV005_ses-wave1_dir-pa_epi.nii.gz -t
210413-23:43:51,212 nipype.workflow WARNING:
	 [Node] Error on "fmriprep_wf.single_subject_DEV005_wf.func_preproc_ses_wave1_task_rest_acq_1_wf.sdc_wf.pepolar_unwarp_wf.prepare_epi_opposite_wf.split" (/tmp/fmriprep_wf/single_subject_DEV005_wf/func_preproc_ses_wave1_task_rest_acq_1_wf/sdc_wf/pepolar_unwarp_wf/prepare_epi_opposite_wf/split)
210413-23:43:52,969 nipype.workflow ERROR:
	 Node split failed to run on host n051.
210413-23:43:52,971 nipype.workflow ERROR:
	 Saving crash info to /projects/sanlab/shared/DEV/bids_data/rs_derivatives/fmriprep/sub-DEV005/log/20210413-234246_ff49fe5b-4921-4fe4-b3ca-15a6d249c05e/crash-20210413-234352-kcheung3-split-10087a0d-eba2-4bbf-ab73-f503cea646c7.txt
Traceback (most recent call last):
  File "/usr/local/miniconda/lib/python3.6/site-packages/nipype/pipeline/engine/nodes.py", line 480, in run
    result = self._run_interface(execute=True)
  File "/usr/local/miniconda/lib/python3.6/site-packages/nipype/pipeline/engine/nodes.py", line 1259, in _run_interface
    self.config['execution']['stop_on_first_crash'])))
  File "/usr/local/miniconda/lib/python3.6/site-packages/nipype/pipeline/engine/nodes.py", line 1181, in _collate_results
    (self.name, '\n'.join(msg)))
Exception: Subnodes of node: split failed:
Subnode 0 failed
Error: Traceback (most recent call last):

  File "/usr/local/miniconda/lib/python3.6/shutil.py", line 544, in move
    os.rename(src, real_dst)

FileNotFoundError: [Errno 2] No such file or directory: '/tmp/fmriprep_wf/single_subject_DEV005_wf/func_preproc_ses_wave1_task_rest_acq_1_wf/sdc_wf/pepolar_unwarp_wf/prepare_epi_opposite_wf/split/mapflow/_split0/_0x99b661f80953651136b9f320009bc227_unfinished.json' -> '/tmp/fmriprep_wf/single_subject_DEV005_wf/func_preproc_ses_wave1_task_rest_acq_1_wf/sdc_wf/pepolar_unwarp_wf/prepare_epi_opposite_wf/split/mapflow/_split0/_0x99b661f80953651136b9f320009bc227.json'


During handling of the above exception, another exception occurred:


Traceback (most recent call last):

  File "/usr/local/miniconda/lib/python3.6/site-packages/nipype/pipeline/engine/utils.py", line 106, in nodelist_runner
    result = node.run(updatehash=updatehash)

  File "/usr/local/miniconda/lib/python3.6/site-packages/nipype/pipeline/engine/nodes.py", line 489, in run
    hashfile_unfinished.replace('_unfinished', ''))

  File "/usr/local/miniconda/lib/python3.6/shutil.py", line 558, in move
    copy_function(src, real_dst)

  File "/usr/local/miniconda/lib/python3.6/shutil.py", line 257, in copy2
    copyfile(src, dst, follow_symlinks=follow_symlinks)

  File "/usr/local/miniconda/lib/python3.6/shutil.py", line 120, in copyfile
    with open(src, 'rb') as fsrc:

FileNotFoundError: [Errno 2] No such file or directory: '/tmp/fmriprep_wf/single_subject_DEV005_wf/func_preproc_ses_wave1_task_rest_acq_1_wf/sdc_wf/pepolar_unwarp_wf/prepare_epi_opposite_wf/split/mapflow/_split0/_0x99b661f80953651136b9f320009bc227_unfinished.json'


During handling of the above exception, another exception occurred:

Traceback (most recent call last):
  File "/usr/local/miniconda/lib/python3.6/site-packages/nipype/pipeline/plugins/multiproc.py", line 69, in run_node
    result['result'] = node.run(updatehash=updatehash)
  File "/usr/local/miniconda/lib/python3.6/site-packages/nipype/pipeline/engine/nodes.py", line 484, in run
    os.remove(hashfile_unfinished)
FileNotFoundError: [Errno 2] No such file or directory: '/tmp/fmriprep_wf/single_subject_DEV005_wf/func_preproc_ses_wave1_task_rest_acq_1_wf/sdc_wf/pepolar_unwarp_wf/prepare_epi_opposite_wf/split/_0x275c409c35f821e29af609c8816f7513_unfinished.json'

210413-23:43:53,149 nipype.workflow INFO:
	 [Node] Setting-up "fmriprep_wf.single_subject_DEV005_wf.func_preproc_ses_wave1_task_rest_acq_1_wf.sdc_wf.pepolar_unwarp_wf.prepare_epi_matching_wf.split" in "/tmp/fmriprep_wf/single_subject_DEV005_wf/func_preproc_ses_wave1_task_rest_acq_1_wf/sdc_wf/pepolar_unwarp_wf/prepare_epi_matching_wf/split".
210413-23:43:53,154 nipype.workflow INFO:
	 [Node] Setting-up "_split0" in "/tmp/fmriprep_wf/single_subject_DEV005_wf/func_preproc_ses_wave1_task_rest_acq_1_wf/sdc_wf/pepolar_unwarp_wf/prepare_epi_matching_wf/split/mapflow/_split0".
210413-23:43:53,159 nipype.workflow INFO:
	 [Node] Running "_split0" ("nipype.interfaces.fsl.utils.Split"), a CommandLine Interface with command:
fslsplit /projects/sanlab/shared/DEV/bids_data/sub-DEV005/ses-wave1/fmap/sub-DEV005_ses-wave1_dir-ap_epi.nii.gz -t
210413-23:43:53,597 nipype.workflow WARNING:
	 [Node] Error on "fmriprep_wf.single_subject_DEV005_wf.func_preproc_ses_wave1_task_rest_acq_1_wf.sdc_wf.pepolar_unwarp_wf.prepare_epi_matching_wf.split" (/tmp/fmriprep_wf/single_subject_DEV005_wf/func_preproc_ses_wave1_task_rest_acq_1_wf/sdc_wf/pepolar_unwarp_wf/prepare_epi_matching_wf/split)
210413-23:43:54,972 nipype.workflow ERROR:
	 Node split failed to run on host n051.
210413-23:43:54,972 nipype.workflow ERROR:
	 Saving crash info to /projects/sanlab/shared/DEV/bids_data/rs_derivatives/fmriprep/sub-DEV005/log/20210413-234246_ff49fe5b-4921-4fe4-b3ca-15a6d249c05e/crash-20210413-234354-kcheung3-split-961f86db-22c4-48c0-834b-6ec83aecccf6.txt
Traceback (most recent call last):
  File "/usr/local/miniconda/lib/python3.6/site-packages/nipype/pipeline/engine/nodes.py", line 480, in run
    result = self._run_interface(execute=True)
  File "/usr/local/miniconda/lib/python3.6/site-packages/nipype/pipeline/engine/nodes.py", line 1259, in _run_interface
    self.config['execution']['stop_on_first_crash'])))
  File "/usr/local/miniconda/lib/python3.6/site-packages/nipype/pipeline/engine/nodes.py", line 1181, in _collate_results
    (self.name, '\n'.join(msg)))
Exception: Subnodes of node: split failed:
Subnode 0 failed
Error: Traceback (most recent call last):

  File "/usr/local/miniconda/lib/python3.6/shutil.py", line 544, in move
    os.rename(src, real_dst)

FileNotFoundError: [Errno 2] No such file or directory: '/tmp/fmriprep_wf/single_subject_DEV005_wf/func_preproc_ses_wave1_task_rest_acq_1_wf/sdc_wf/pepolar_unwarp_wf/prepare_epi_matching_wf/split/mapflow/_split0/_0x2e2c687d8927dd9f892cdc51ffc03258_unfinished.json' -> '/tmp/fmriprep_wf/single_subject_DEV005_wf/func_preproc_ses_wave1_task_rest_acq_1_wf/sdc_wf/pepolar_unwarp_wf/prepare_epi_matching_wf/split/mapflow/_split0/_0x2e2c687d8927dd9f892cdc51ffc03258.json'


During handling of the above exception, another exception occurred:


Traceback (most recent call last):

  File "/usr/local/miniconda/lib/python3.6/site-packages/nipype/pipeline/engine/utils.py", line 106, in nodelist_runner
    result = node.run(updatehash=updatehash)

  File "/usr/local/miniconda/lib/python3.6/site-packages/nipype/pipeline/engine/nodes.py", line 489, in run
    hashfile_unfinished.replace('_unfinished', ''))

  File "/usr/local/miniconda/lib/python3.6/shutil.py", line 558, in move
    copy_function(src, real_dst)

  File "/usr/local/miniconda/lib/python3.6/shutil.py", line 257, in copy2
    copyfile(src, dst, follow_symlinks=follow_symlinks)

  File "/usr/local/miniconda/lib/python3.6/shutil.py", line 120, in copyfile
    with open(src, 'rb') as fsrc:

FileNotFoundError: [Errno 2] No such file or directory: '/tmp/fmriprep_wf/single_subject_DEV005_wf/func_preproc_ses_wave1_task_rest_acq_1_wf/sdc_wf/pepolar_unwarp_wf/prepare_epi_matching_wf/split/mapflow/_split0/_0x2e2c687d8927dd9f892cdc51ffc03258_unfinished.json'


During handling of the above exception, another exception occurred:

Traceback (most recent call last):
  File "/usr/local/miniconda/lib/python3.6/site-packages/nipype/pipeline/plugins/multiproc.py", line 69, in run_node
    result['result'] = node.run(updatehash=updatehash)
  File "/usr/local/miniconda/lib/python3.6/site-packages/nipype/pipeline/engine/nodes.py", line 484, in run
    os.remove(hashfile_unfinished)
FileNotFoundError: [Errno 2] No such file or directory: '/tmp/fmriprep_wf/single_subject_DEV005_wf/func_preproc_ses_wave1_task_rest_acq_1_wf/sdc_wf/pepolar_unwarp_wf/prepare_epi_matching_wf/split/_0xa8a604c198728186ab9f502817ecd1a7_unfinished.json'

210413-23:43:56,587 nipype.workflow INFO:
	 [Node] Setting-up "fmriprep_wf.single_subject_DEV005_wf.func_preproc_ses_wave1_task_rest_acq_1_wf.bold_reference_wf.validate" in "/tmp/fmriprep_wf/single_subject_DEV005_wf/func_preproc_ses_wave1_task_rest_acq_1_wf/bold_reference_wf/validate".
210413-23:43:56,591 nipype.workflow INFO:
	 [Node] Running "validate" ("fmriprep.interfaces.images.ValidateImage")
210413-23:44:06,988 nipype.workflow ERROR:
	 Node validate failed to run on host n051.
210413-23:44:06,989 nipype.workflow ERROR:
	 Saving crash info to /projects/sanlab/shared/DEV/bids_data/rs_derivatives/fmriprep/sub-DEV005/log/20210413-234246_ff49fe5b-4921-4fe4-b3ca-15a6d249c05e/crash-20210413-234406-kcheung3-validate-d4b2cbfa-02ee-4b49-a5fb-e72e04c83ddd.txt
Traceback (most recent call last):
  File "/usr/local/miniconda/lib/python3.6/shutil.py", line 544, in move
    os.rename(src, real_dst)
FileNotFoundError: [Errno 2] No such file or directory: '/tmp/fmriprep_wf/single_subject_DEV005_wf/func_preproc_ses_wave1_task_rest_acq_1_wf/bold_reference_wf/validate/_0xe84aa35fa1d93e27d084f9c71186fdbe_unfinished.json' -> '/tmp/fmriprep_wf/single_subject_DEV005_wf/func_preproc_ses_wave1_task_rest_acq_1_wf/bold_reference_wf/validate/_0xe84aa35fa1d93e27d084f9c71186fdbe.json'

During handling of the above exception, another exception occurred:

Traceback (most recent call last):
  File "/usr/local/miniconda/lib/python3.6/site-packages/nipype/pipeline/plugins/multiproc.py", line 69, in run_node
    result['result'] = node.run(updatehash=updatehash)
  File "/usr/local/miniconda/lib/python3.6/site-packages/nipype/pipeline/engine/nodes.py", line 489, in run
    hashfile_unfinished.replace('_unfinished', ''))
  File "/usr/local/miniconda/lib/python3.6/shutil.py", line 558, in move
    copy_function(src, real_dst)
  File "/usr/local/miniconda/lib/python3.6/shutil.py", line 257, in copy2
    copyfile(src, dst, follow_symlinks=follow_symlinks)
  File "/usr/local/miniconda/lib/python3.6/shutil.py", line 120, in copyfile
    with open(src, 'rb') as fsrc:
FileNotFoundError: [Errno 2] No such file or directory: '/tmp/fmriprep_wf/single_subject_DEV005_wf/func_preproc_ses_wave1_task_rest_acq_1_wf/bold_reference_wf/validate/_0xe84aa35fa1d93e27d084f9c71186fdbe_unfinished.json'

210413-23:44:07,198 nipype.workflow INFO:
	 [Node] Setting-up "fmriprep_wf.single_subject_DEV005_wf.func_preproc_ses_wave1_task_rest_acq_2_wf.sdc_wf.pepolar_unwarp_wf.prepare_epi_opposite_wf.split" in "/tmp/fmriprep_wf/single_subject_DEV005_wf/func_preproc_ses_wave1_task_rest_acq_2_wf/sdc_wf/pepolar_unwarp_wf/prepare_epi_opposite_wf/split".
210413-23:44:07,201 nipype.workflow INFO:
	 [Node] Setting-up "_split0" in "/tmp/fmriprep_wf/single_subject_DEV005_wf/func_preproc_ses_wave1_task_rest_acq_2_wf/sdc_wf/pepolar_unwarp_wf/prepare_epi_opposite_wf/split/mapflow/_split0".
210413-23:44:07,204 nipype.workflow INFO:
	 [Node] Running "_split0" ("nipype.interfaces.fsl.utils.Split"), a CommandLine Interface with command:
fslsplit /projects/sanlab/shared/DEV/bids_data/sub-DEV005/ses-wave1/fmap/sub-DEV005_ses-wave1_dir-pa_epi.nii.gz -t
210413-23:44:07,706 nipype.workflow INFO:
	 [Node] Finished "_split0".
210413-23:44:07,709 nipype.workflow INFO:
	 [Node] Finished "fmriprep_wf.single_subject_DEV005_wf.func_preproc_ses_wave1_task_rest_acq_2_wf.sdc_wf.pepolar_unwarp_wf.prepare_epi_opposite_wf.split".
210413-23:44:09,199 nipype.workflow INFO:
	 [Node] Setting-up "fmriprep_wf.single_subject_DEV005_wf.func_preproc_ses_wave1_task_rest_acq_2_wf.sdc_wf.pepolar_unwarp_wf.prepare_epi_opposite_wf.merge" in "/tmp/fmriprep_wf/single_subject_DEV005_wf/func_preproc_ses_wave1_task_rest_acq_2_wf/sdc_wf/pepolar_unwarp_wf/prepare_epi_opposite_wf/merge".
210413-23:44:09,248 nipype.workflow INFO:
	 [Node] Running "merge" ("fmriprep.interfaces.freesurfer.StructuralReference"), a CommandLine Interface with command:
echo Only one time point!
210413-23:44:09,465 nipype.workflow INFO:
	 [Node] Finished "fmriprep_wf.single_subject_DEV005_wf.func_preproc_ses_wave1_task_rest_acq_2_wf.sdc_wf.pepolar_unwarp_wf.prepare_epi_opposite_wf.merge".
210413-23:44:11,169 nipype.workflow INFO:
	 [Node] Setting-up "fmriprep_wf.single_subject_DEV005_wf.func_preproc_ses_wave1_task_rest_acq_2_wf.sdc_wf.pepolar_unwarp_wf.prepare_epi_opposite_wf.enhance_and_skullstrip_bold_wf.n4_mask" in "/tmp/fmriprep_wf/single_subject_DEV005_wf/func_preproc_ses_wave1_task_rest_acq_2_wf/sdc_wf/pepolar_unwarp_wf/prepare_epi_opposite_wf/enhance_and_skullstrip_bold_wf/n4_mask".
210413-23:44:11,173 nipype.workflow INFO:
	 [Node] Running "n4_mask" ("fmriprep.interfaces.nilearn.MaskEPI")
210413-23:44:13,337 nipype.workflow INFO:
	 [Node] Finished "fmriprep_wf.single_subject_DEV005_wf.func_preproc_ses_wave1_task_rest_acq_2_wf.sdc_wf.pepolar_unwarp_wf.prepare_epi_opposite_wf.enhance_and_skullstrip_bold_wf.n4_mask".
210413-23:44:15,170 nipype.workflow INFO:
	 [Node] Setting-up "fmriprep_wf.single_subject_DEV005_wf.func_preproc_ses_wave1_task_rest_acq_2_wf.sdc_wf.pepolar_unwarp_wf.prepare_epi_opposite_wf.enhance_and_skullstrip_bold_wf.n4_correct" in "/tmp/fmriprep_wf/single_subject_DEV005_wf/func_preproc_ses_wave1_task_rest_acq_2_wf/sdc_wf/pepolar_unwarp_wf/prepare_epi_opposite_wf/enhance_and_skullstrip_bold_wf/n4_correct".
210413-23:44:15,175 nipype.workflow INFO:
	 [Node] Running "n4_correct" ("nipype.interfaces.ants.segmentation.N4BiasFieldCorrection"), a CommandLine Interface with command:
N4BiasFieldCorrection -d 3 --input-image /tmp/fmriprep_wf/single_subject_DEV005_wf/func_preproc_ses_wave1_task_rest_acq_2_wf/sdc_wf/pepolar_unwarp_wf/prepare_epi_opposite_wf/split/mapflow/_split0/vol0000.nii.gz --mask-image /tmp/fmriprep_wf/single_subject_DEV005_wf/func_preproc_ses_wave1_task_rest_acq_2_wf/sdc_wf/pepolar_unwarp_wf/prepare_epi_opposite_wf/enhance_and_skullstrip_bold_wf/n4_mask/vol0000_mask.nii.gz --output vol0000_corrected.nii.gz
210413-23:44:20,812 nipype.workflow INFO:
	 [Node] Finished "fmriprep_wf.single_subject_DEV005_wf.func_preproc_ses_wave1_task_rest_acq_2_wf.sdc_wf.pepolar_unwarp_wf.prepare_epi_opposite_wf.enhance_and_skullstrip_bold_wf.n4_correct".
210413-23:44:21,208 nipype.workflow INFO:
	 [Node] Setting-up "fmriprep_wf.single_subject_DEV005_wf.func_preproc_ses_wave1_task_rest_acq_2_wf.sdc_wf.pepolar_unwarp_wf.prepare_epi_opposite_wf.enhance_and_skullstrip_bold_wf.skullstrip_first_pass" in "/tmp/fmriprep_wf/single_subject_DEV005_wf/func_preproc_ses_wave1_task_rest_acq_2_wf/sdc_wf/pepolar_unwarp_wf/prepare_epi_opposite_wf/enhance_and_skullstrip_bold_wf/skullstrip_first_pass".
210413-23:44:21,214 nipype.workflow INFO:
	 [Node] Running "skullstrip_first_pass" ("nipype.interfaces.fsl.preprocess.BET"), a CommandLine Interface with command:
bet /tmp/fmriprep_wf/single_subject_DEV005_wf/func_preproc_ses_wave1_task_rest_acq_2_wf/sdc_wf/pepolar_unwarp_wf/prepare_epi_opposite_wf/enhance_and_skullstrip_bold_wf/n4_correct/vol0000_corrected.nii.gz /tmp/fmriprep_wf/single_subject_DEV005_wf/func_preproc_ses_wave1_task_rest_acq_2_wf/sdc_wf/pepolar_unwarp_wf/prepare_epi_opposite_wf/enhance_and_skullstrip_bold_wf/skullstrip_first_pass/vol0000_corrected_brain.nii.gz -f 0.20 -m
210413-23:44:23,670 nipype.workflow INFO:
	 [Node] Finished "fmriprep_wf.single_subject_DEV005_wf.func_preproc_ses_wave1_task_rest_acq_2_wf.sdc_wf.pepolar_unwarp_wf.prepare_epi_opposite_wf.enhance_and_skullstrip_bold_wf.skullstrip_first_pass".
210413-23:44:25,210 nipype.workflow INFO:
	 [Node] Setting-up "fmriprep_wf.single_subject_DEV005_wf.func_preproc_ses_wave1_task_rest_acq_2_wf.sdc_wf.pepolar_unwarp_wf.prepare_epi_opposite_wf.enhance_and_skullstrip_bold_wf.skullstrip_first_dilate" in "/tmp/fmriprep_wf/single_subject_DEV005_wf/func_preproc_ses_wave1_task_rest_acq_2_wf/sdc_wf/pepolar_unwarp_wf/prepare_epi_opposite_wf/enhance_and_skullstrip_bold_wf/skullstrip_first_dilate".
210413-23:44:25,215 nipype.workflow INFO:
	 [Node] Running "skullstrip_first_dilate" ("nipype.interfaces.fsl.maths.DilateImage"), a CommandLine Interface with command:
fslmaths -dt char /tmp/fmriprep_wf/single_subject_DEV005_wf/func_preproc_ses_wave1_task_rest_acq_2_wf/sdc_wf/pepolar_unwarp_wf/prepare_epi_opposite_wf/enhance_and_skullstrip_bold_wf/skullstrip_first_pass/vol0000_corrected_brain_mask.nii.gz -kernel sphere 6.0000 -dilF /tmp/fmriprep_wf/single_subject_DEV005_wf/func_preproc_ses_wave1_task_rest_acq_2_wf/sdc_wf/pepolar_unwarp_wf/prepare_epi_opposite_wf/enhance_and_skullstrip_bold_wf/skullstrip_first_dilate/vol0000_corrected_brain_mask_dil.nii.gz
210413-23:44:30,510 nipype.workflow INFO:
	 [Node] Finished "fmriprep_wf.single_subject_DEV005_wf.func_preproc_ses_wave1_task_rest_acq_2_wf.sdc_wf.pepolar_unwarp_wf.prepare_epi_opposite_wf.enhance_and_skullstrip_bold_wf.skullstrip_first_dilate".
210413-23:44:31,188 nipype.workflow INFO:
	 [Node] Setting-up "fmriprep_wf.single_subject_DEV005_wf.func_preproc_ses_wave1_task_rest_acq_2_wf.sdc_wf.pepolar_unwarp_wf.prepare_epi_opposite_wf.enhance_and_skullstrip_bold_wf.skullstrip_first_mask" in "/tmp/fmriprep_wf/single_subject_DEV005_wf/func_preproc_ses_wave1_task_rest_acq_2_wf/sdc_wf/pepolar_unwarp_wf/prepare_epi_opposite_wf/enhance_and_skullstrip_bold_wf/skullstrip_first_mask".
210413-23:44:31,193 nipype.workflow INFO:
	 [Node] Running "skullstrip_first_mask" ("nipype.interfaces.fsl.maths.ApplyMask"), a CommandLine Interface with command:
fslmaths /tmp/fmriprep_wf/single_subject_DEV005_wf/func_preproc_ses_wave1_task_rest_acq_2_wf/sdc_wf/pepolar_unwarp_wf/prepare_epi_opposite_wf/enhance_and_skullstrip_bold_wf/skullstrip_first_pass/vol0000_corrected_brain.nii.gz -mas /tmp/fmriprep_wf/single_subject_DEV005_wf/func_preproc_ses_wave1_task_rest_acq_2_wf/sdc_wf/pepolar_unwarp_wf/prepare_epi_opposite_wf/enhance_and_skullstrip_bold_wf/skullstrip_first_dilate/vol0000_corrected_brain_mask_dil.nii.gz /tmp/fmriprep_wf/single_subject_DEV005_wf/func_preproc_ses_wave1_task_rest_acq_2_wf/sdc_wf/pepolar_unwarp_wf/prepare_epi_opposite_wf/enhance_and_skullstrip_bold_wf/skullstrip_first_mask/vol0000_corrected_brain_masked.nii.gz
210413-23:44:31,411 nipype.workflow INFO:
	 [Node] Finished "fmriprep_wf.single_subject_DEV005_wf.func_preproc_ses_wave1_task_rest_acq_2_wf.sdc_wf.pepolar_unwarp_wf.prepare_epi_opposite_wf.enhance_and_skullstrip_bold_wf.skullstrip_first_mask".
210413-23:44:33,322 nipype.workflow INFO:
	 [Node] Setting-up "fmriprep_wf.single_subject_DEV005_wf.func_preproc_ses_wave1_task_rest_acq_2_wf.sdc_wf.pepolar_unwarp_wf.prepare_epi_opposite_wf.enhance_and_skullstrip_bold_wf.unifize" in "/tmp/fmriprep_wf/single_subject_DEV005_wf/func_preproc_ses_wave1_task_rest_acq_2_wf/sdc_wf/pepolar_unwarp_wf/prepare_epi_opposite_wf/enhance_and_skullstrip_bold_wf/unifize".
210413-23:44:33,329 nipype.workflow INFO:
	 [Node] Running "unifize" ("nipype.interfaces.afni.utils.Unifize"), a CommandLine Interface with command:
3dUnifize -clfrac 0.2 -rbt 18.3 65.0 90.0 -prefix uni.nii.gz -T2 -input /tmp/fmriprep_wf/single_subject_DEV005_wf/func_preproc_ses_wave1_task_rest_acq_2_wf/sdc_wf/pepolar_unwarp_wf/prepare_epi_opposite_wf/enhance_and_skullstrip_bold_wf/unifize/vol0000_corrected_brain_masked.nii.gz
210413-23:44:38,849 nipype.workflow INFO:
	 [Node] Finished "fmriprep_wf.single_subject_DEV005_wf.func_preproc_ses_wave1_task_rest_acq_2_wf.sdc_wf.pepolar_unwarp_wf.prepare_epi_opposite_wf.enhance_and_skullstrip_bold_wf.unifize".
210413-23:44:39,239 nipype.workflow INFO:
	 [Node] Setting-up "fmriprep_wf.single_subject_DEV005_wf.func_preproc_ses_wave1_task_rest_acq_2_wf.sdc_wf.pepolar_unwarp_wf.prepare_epi_opposite_wf.enhance_and_skullstrip_bold_wf.fixhdr_unifize" in "/tmp/fmriprep_wf/single_subject_DEV005_wf/func_preproc_ses_wave1_task_rest_acq_2_wf/sdc_wf/pepolar_unwarp_wf/prepare_epi_opposite_wf/enhance_and_skullstrip_bold_wf/fixhdr_unifize".
210413-23:44:39,242 nipype.workflow INFO:
	 [Node] Running "fixhdr_unifize" ("niworkflows.interfaces.utils.CopyXForm")
210413-23:44:39,437 nipype.workflow INFO:
	 [Node] Finished "fmriprep_wf.single_subject_DEV005_wf.func_preproc_ses_wave1_task_rest_acq_2_wf.sdc_wf.pepolar_unwarp_wf.prepare_epi_opposite_wf.enhance_and_skullstrip_bold_wf.fixhdr_unifize".
210413-23:44:41,226 nipype.workflow INFO:
	 [Node] Setting-up "fmriprep_wf.single_subject_DEV005_wf.func_preproc_ses_wave1_task_rest_acq_2_wf.sdc_wf.pepolar_unwarp_wf.prepare_epi_opposite_wf.enhance_and_skullstrip_bold_wf.skullstrip_second_pass" in "/tmp/fmriprep_wf/single_subject_DEV005_wf/func_preproc_ses_wave1_task_rest_acq_2_wf/sdc_wf/pepolar_unwarp_wf/prepare_epi_opposite_wf/enhance_and_skullstrip_bold_wf/skullstrip_second_pass".
210413-23:44:41,232 nipype.workflow INFO:
	 [Node] Running "skullstrip_second_pass" ("nipype.interfaces.afni.preprocess.Automask"), a CommandLine Interface with command:
3dAutomask -apply_prefix uni_xform_masked.nii.gz -dilate 1 -prefix uni_xform_mask.nii.gz /tmp/fmriprep_wf/single_subject_DEV005_wf/func_preproc_ses_wave1_task_rest_acq_2_wf/sdc_wf/pepolar_unwarp_wf/prepare_epi_opposite_wf/enhance_and_skullstrip_bold_wf/skullstrip_second_pass/uni_xform.nii.gz
210413-23:44:41,859 nipype.workflow INFO:
	 [Node] Finished "fmriprep_wf.single_subject_DEV005_wf.func_preproc_ses_wave1_task_rest_acq_2_wf.sdc_wf.pepolar_unwarp_wf.prepare_epi_opposite_wf.enhance_and_skullstrip_bold_wf.skullstrip_second_pass".
210413-23:44:43,204 nipype.workflow INFO:
	 [Node] Setting-up "fmriprep_wf.single_subject_DEV005_wf.func_preproc_ses_wave1_task_rest_acq_2_wf.sdc_wf.pepolar_unwarp_wf.prepare_epi_opposite_wf.enhance_and_skullstrip_bold_wf.fixhdr_skullstrip2" in "/tmp/fmriprep_wf/single_subject_DEV005_wf/func_preproc_ses_wave1_task_rest_acq_2_wf/sdc_wf/pepolar_unwarp_wf/prepare_epi_opposite_wf/enhance_and_skullstrip_bold_wf/fixhdr_skullstrip2".
210413-23:44:43,208 nipype.workflow INFO:
	 [Node] Running "fixhdr_skullstrip2" ("niworkflows.interfaces.utils.CopyXForm")
210413-23:44:43,294 nipype.workflow INFO:
	 [Node] Finished "fmriprep_wf.single_subject_DEV005_wf.func_preproc_ses_wave1_task_rest_acq_2_wf.sdc_wf.pepolar_unwarp_wf.prepare_epi_opposite_wf.enhance_and_skullstrip_bold_wf.fixhdr_skullstrip2".
210413-23:44:45,232 nipype.workflow INFO:
	 [Node] Setting-up "fmriprep_wf.single_subject_DEV005_wf.func_preproc_ses_wave1_task_rest_acq_2_wf.sdc_wf.pepolar_unwarp_wf.prepare_epi_opposite_wf.enhance_and_skullstrip_bold_wf.combine_masks" in "/tmp/fmriprep_wf/single_subject_DEV005_wf/func_preproc_ses_wave1_task_rest_acq_2_wf/sdc_wf/pepolar_unwarp_wf/prepare_epi_opposite_wf/enhance_and_skullstrip_bold_wf/combine_masks".
210413-23:44:45,238 nipype.workflow INFO:
	 [Node] Running "combine_masks" ("nipype.interfaces.fsl.maths.BinaryMaths"), a CommandLine Interface with command:
fslmaths /tmp/fmriprep_wf/single_subject_DEV005_wf/func_preproc_ses_wave1_task_rest_acq_2_wf/sdc_wf/pepolar_unwarp_wf/prepare_epi_opposite_wf/enhance_and_skullstrip_bold_wf/skullstrip_first_pass/vol0000_corrected_brain_mask.nii.gz -mul /tmp/fmriprep_wf/single_subject_DEV005_wf/func_preproc_ses_wave1_task_rest_acq_2_wf/sdc_wf/pepolar_unwarp_wf/prepare_epi_opposite_wf/enhance_and_skullstrip_bold_wf/fixhdr_skullstrip2/uni_xform_mask_xform.nii.gz /tmp/fmriprep_wf/single_subject_DEV005_wf/func_preproc_ses_wave1_task_rest_acq_2_wf/sdc_wf/pepolar_unwarp_wf/prepare_epi_opposite_wf/enhance_and_skullstrip_bold_wf/combine_masks/vol0000_corrected_brain_mask_maths.nii.gz
210413-23:44:45,471 nipype.workflow INFO:
	 [Node] Finished "fmriprep_wf.single_subject_DEV005_wf.func_preproc_ses_wave1_task_rest_acq_2_wf.sdc_wf.pepolar_unwarp_wf.prepare_epi_opposite_wf.enhance_and_skullstrip_bold_wf.combine_masks".
210413-23:44:47,219 nipype.workflow INFO:
	 [Node] Setting-up "fmriprep_wf.single_subject_DEV005_wf.func_preproc_ses_wave1_task_rest_acq_2_wf.sdc_wf.pepolar_unwarp_wf.prepare_epi_opposite_wf.enhance_and_skullstrip_bold_wf.apply_mask" in "/tmp/fmriprep_wf/single_subject_DEV005_wf/func_preproc_ses_wave1_task_rest_acq_2_wf/sdc_wf/pepolar_unwarp_wf/prepare_epi_opposite_wf/enhance_and_skullstrip_bold_wf/apply_mask".
210413-23:44:47,224 nipype.workflow INFO:
	 [Node] Running "apply_mask" ("nipype.interfaces.fsl.maths.ApplyMask"), a CommandLine Interface with command:
fslmaths /tmp/fmriprep_wf/single_subject_DEV005_wf/func_preproc_ses_wave1_task_rest_acq_2_wf/sdc_wf/pepolar_unwarp_wf/prepare_epi_opposite_wf/enhance_and_skullstrip_bold_wf/fixhdr_unifize/uni_xform.nii.gz -mas /tmp/fmriprep_wf/single_subject_DEV005_wf/func_preproc_ses_wave1_task_rest_acq_2_wf/sdc_wf/pepolar_unwarp_wf/prepare_epi_opposite_wf/enhance_and_skullstrip_bold_wf/combine_masks/vol0000_corrected_brain_mask_maths.nii.gz /tmp/fmriprep_wf/single_subject_DEV005_wf/func_preproc_ses_wave1_task_rest_acq_2_wf/sdc_wf/pepolar_unwarp_wf/prepare_epi_opposite_wf/enhance_and_skullstrip_bold_wf/apply_mask/uni_xform_masked.nii.gz
210413-23:44:47,531 nipype.workflow INFO:
	 [Node] Finished "fmriprep_wf.single_subject_DEV005_wf.func_preproc_ses_wave1_task_rest_acq_2_wf.sdc_wf.pepolar_unwarp_wf.prepare_epi_opposite_wf.enhance_and_skullstrip_bold_wf.apply_mask".
210413-23:44:49,200 nipype.workflow INFO:
	 [Node] Setting-up "fmriprep_wf.single_subject_DEV005_wf.func_preproc_ses_wave1_task_rest_acq_2_wf.sdc_wf.pepolar_unwarp_wf.prepare_epi_matching_wf.split" in "/tmp/fmriprep_wf/single_subject_DEV005_wf/func_preproc_ses_wave1_task_rest_acq_2_wf/sdc_wf/pepolar_unwarp_wf/prepare_epi_matching_wf/split".
210413-23:44:49,206 nipype.workflow INFO:
	 [Node] Setting-up "_split0" in "/tmp/fmriprep_wf/single_subject_DEV005_wf/func_preproc_ses_wave1_task_rest_acq_2_wf/sdc_wf/pepolar_unwarp_wf/prepare_epi_matching_wf/split/mapflow/_split0".
210413-23:44:49,210 nipype.workflow INFO:
	 [Node] Running "_split0" ("nipype.interfaces.fsl.utils.Split"), a CommandLine Interface with command:
fslsplit /projects/sanlab/shared/DEV/bids_data/sub-DEV005/ses-wave1/fmap/sub-DEV005_ses-wave1_dir-ap_epi.nii.gz -t
210413-23:44:49,694 nipype.workflow INFO:
	 [Node] Finished "_split0".
210413-23:44:49,698 nipype.workflow INFO:
	 [Node] Finished "fmriprep_wf.single_subject_DEV005_wf.func_preproc_ses_wave1_task_rest_acq_2_wf.sdc_wf.pepolar_unwarp_wf.prepare_epi_matching_wf.split".
210413-23:44:51,199 nipype.workflow INFO:
	 [Node] Setting-up "fmriprep_wf.single_subject_DEV005_wf.func_preproc_ses_wave1_task_rest_acq_2_wf.sdc_wf.pepolar_unwarp_wf.prepare_epi_matching_wf.merge" in "/tmp/fmriprep_wf/single_subject_DEV005_wf/func_preproc_ses_wave1_task_rest_acq_2_wf/sdc_wf/pepolar_unwarp_wf/prepare_epi_matching_wf/merge".
210413-23:44:51,246 nipype.workflow INFO:
	 [Node] Running "merge" ("fmriprep.interfaces.freesurfer.StructuralReference"), a CommandLine Interface with command:
echo Only one time point!
210413-23:44:51,456 nipype.workflow INFO:
	 [Node] Finished "fmriprep_wf.single_subject_DEV005_wf.func_preproc_ses_wave1_task_rest_acq_2_wf.sdc_wf.pepolar_unwarp_wf.prepare_epi_matching_wf.merge".
210413-23:44:53,237 nipype.workflow INFO:
	 [Node] Setting-up "fmriprep_wf.single_subject_DEV005_wf.func_preproc_ses_wave1_task_rest_acq_2_wf.sdc_wf.pepolar_unwarp_wf.prepare_epi_matching_wf.enhance_and_skullstrip_bold_wf.n4_mask" in "/tmp/fmriprep_wf/single_subject_DEV005_wf/func_preproc_ses_wave1_task_rest_acq_2_wf/sdc_wf/pepolar_unwarp_wf/prepare_epi_matching_wf/enhance_and_skullstrip_bold_wf/n4_mask".
210413-23:44:53,242 nipype.workflow INFO:
	 [Node] Running "n4_mask" ("fmriprep.interfaces.nilearn.MaskEPI")
210413-23:44:55,375 nipype.workflow INFO:
	 [Node] Finished "fmriprep_wf.single_subject_DEV005_wf.func_preproc_ses_wave1_task_rest_acq_2_wf.sdc_wf.pepolar_unwarp_wf.prepare_epi_matching_wf.enhance_and_skullstrip_bold_wf.n4_mask".
210413-23:44:57,303 nipype.workflow INFO:
	 [Node] Setting-up "fmriprep_wf.single_subject_DEV005_wf.func_preproc_ses_wave1_task_rest_acq_2_wf.sdc_wf.pepolar_unwarp_wf.prepare_epi_matching_wf.enhance_and_skullstrip_bold_wf.n4_correct" in "/tmp/fmriprep_wf/single_subject_DEV005_wf/func_preproc_ses_wave1_task_rest_acq_2_wf/sdc_wf/pepolar_unwarp_wf/prepare_epi_matching_wf/enhance_and_skullstrip_bold_wf/n4_correct".
210413-23:44:57,308 nipype.workflow INFO:
	 [Node] Running "n4_correct" ("nipype.interfaces.ants.segmentation.N4BiasFieldCorrection"), a CommandLine Interface with command:
N4BiasFieldCorrection -d 3 --input-image /tmp/fmriprep_wf/single_subject_DEV005_wf/func_preproc_ses_wave1_task_rest_acq_2_wf/sdc_wf/pepolar_unwarp_wf/prepare_epi_matching_wf/split/mapflow/_split0/vol0000.nii.gz --mask-image /tmp/fmriprep_wf/single_subject_DEV005_wf/func_preproc_ses_wave1_task_rest_acq_2_wf/sdc_wf/pepolar_unwarp_wf/prepare_epi_matching_wf/enhance_and_skullstrip_bold_wf/n4_mask/vol0000_mask.nii.gz --output vol0000_corrected.nii.gz
210413-23:45:02,750 nipype.workflow INFO:
	 [Node] Finished "fmriprep_wf.single_subject_DEV005_wf.func_preproc_ses_wave1_task_rest_acq_2_wf.sdc_wf.pepolar_unwarp_wf.prepare_epi_matching_wf.enhance_and_skullstrip_bold_wf.n4_correct".
210413-23:45:03,285 nipype.workflow INFO:
	 [Node] Setting-up "fmriprep_wf.single_subject_DEV005_wf.func_preproc_ses_wave1_task_rest_acq_2_wf.sdc_wf.pepolar_unwarp_wf.prepare_epi_matching_wf.enhance_and_skullstrip_bold_wf.skullstrip_first_pass" in "/tmp/fmriprep_wf/single_subject_DEV005_wf/func_preproc_ses_wave1_task_rest_acq_2_wf/sdc_wf/pepolar_unwarp_wf/prepare_epi_matching_wf/enhance_and_skullstrip_bold_wf/skullstrip_first_pass".
210413-23:45:03,291 nipype.workflow INFO:
	 [Node] Running "skullstrip_first_pass" ("nipype.interfaces.fsl.preprocess.BET"), a CommandLine Interface with command:
bet /tmp/fmriprep_wf/single_subject_DEV005_wf/func_preproc_ses_wave1_task_rest_acq_2_wf/sdc_wf/pepolar_unwarp_wf/prepare_epi_matching_wf/enhance_and_skullstrip_bold_wf/n4_correct/vol0000_corrected.nii.gz /tmp/fmriprep_wf/single_subject_DEV005_wf/func_preproc_ses_wave1_task_rest_acq_2_wf/sdc_wf/pepolar_unwarp_wf/prepare_epi_matching_wf/enhance_and_skullstrip_bold_wf/skullstrip_first_pass/vol0000_corrected_brain.nii.gz -f 0.20 -m
210413-23:45:05,700 nipype.workflow INFO:
	 [Node] Finished "fmriprep_wf.single_subject_DEV005_wf.func_preproc_ses_wave1_task_rest_acq_2_wf.sdc_wf.pepolar_unwarp_wf.prepare_epi_matching_wf.enhance_and_skullstrip_bold_wf.skullstrip_first_pass".
210413-23:45:07,251 nipype.workflow INFO:
	 [Node] Setting-up "fmriprep_wf.single_subject_DEV005_wf.func_preproc_ses_wave1_task_rest_acq_2_wf.sdc_wf.pepolar_unwarp_wf.prepare_epi_matching_wf.enhance_and_skullstrip_bold_wf.skullstrip_first_dilate" in "/tmp/fmriprep_wf/single_subject_DEV005_wf/func_preproc_ses_wave1_task_rest_acq_2_wf/sdc_wf/pepolar_unwarp_wf/prepare_epi_matching_wf/enhance_and_skullstrip_bold_wf/skullstrip_first_dilate".
210413-23:45:07,257 nipype.workflow INFO:
	 [Node] Running "skullstrip_first_dilate" ("nipype.interfaces.fsl.maths.DilateImage"), a CommandLine Interface with command:
fslmaths -dt char /tmp/fmriprep_wf/single_subject_DEV005_wf/func_preproc_ses_wave1_task_rest_acq_2_wf/sdc_wf/pepolar_unwarp_wf/prepare_epi_matching_wf/enhance_and_skullstrip_bold_wf/skullstrip_first_pass/vol0000_corrected_brain_mask.nii.gz -kernel sphere 6.0000 -dilF /tmp/fmriprep_wf/single_subject_DEV005_wf/func_preproc_ses_wave1_task_rest_acq_2_wf/sdc_wf/pepolar_unwarp_wf/prepare_epi_matching_wf/enhance_and_skullstrip_bold_wf/skullstrip_first_dilate/vol0000_corrected_brain_mask_dil.nii.gz
210413-23:45:12,522 nipype.workflow INFO:
	 [Node] Finished "fmriprep_wf.single_subject_DEV005_wf.func_preproc_ses_wave1_task_rest_acq_2_wf.sdc_wf.pepolar_unwarp_wf.prepare_epi_matching_wf.enhance_and_skullstrip_bold_wf.skullstrip_first_dilate".
210413-23:45:13,249 nipype.workflow INFO:
	 [Node] Setting-up "fmriprep_wf.single_subject_DEV005_wf.func_preproc_ses_wave1_task_rest_acq_2_wf.sdc_wf.pepolar_unwarp_wf.prepare_epi_matching_wf.enhance_and_skullstrip_bold_wf.skullstrip_first_mask" in "/tmp/fmriprep_wf/single_subject_DEV005_wf/func_preproc_ses_wave1_task_rest_acq_2_wf/sdc_wf/pepolar_unwarp_wf/prepare_epi_matching_wf/enhance_and_skullstrip_bold_wf/skullstrip_first_mask".
210413-23:45:13,253 nipype.workflow INFO:
	 [Node] Running "skullstrip_first_mask" ("nipype.interfaces.fsl.maths.ApplyMask"), a CommandLine Interface with command:
fslmaths /tmp/fmriprep_wf/single_subject_DEV005_wf/func_preproc_ses_wave1_task_rest_acq_2_wf/sdc_wf/pepolar_unwarp_wf/prepare_epi_matching_wf/enhance_and_skullstrip_bold_wf/skullstrip_first_pass/vol0000_corrected_brain.nii.gz -mas /tmp/fmriprep_wf/single_subject_DEV005_wf/func_preproc_ses_wave1_task_rest_acq_2_wf/sdc_wf/pepolar_unwarp_wf/prepare_epi_matching_wf/enhance_and_skullstrip_bold_wf/skullstrip_first_dilate/vol0000_corrected_brain_mask_dil.nii.gz /tmp/fmriprep_wf/single_subject_DEV005_wf/func_preproc_ses_wave1_task_rest_acq_2_wf/sdc_wf/pepolar_unwarp_wf/prepare_epi_matching_wf/enhance_and_skullstrip_bold_wf/skullstrip_first_mask/vol0000_corrected_brain_masked.nii.gz
210413-23:45:13,484 nipype.workflow INFO:
	 [Node] Finished "fmriprep_wf.single_subject_DEV005_wf.func_preproc_ses_wave1_task_rest_acq_2_wf.sdc_wf.pepolar_unwarp_wf.prepare_epi_matching_wf.enhance_and_skullstrip_bold_wf.skullstrip_first_mask".
210413-23:45:15,231 nipype.workflow INFO:
	 [Node] Setting-up "fmriprep_wf.single_subject_DEV005_wf.func_preproc_ses_wave1_task_rest_acq_2_wf.sdc_wf.pepolar_unwarp_wf.prepare_epi_matching_wf.enhance_and_skullstrip_bold_wf.unifize" in "/tmp/fmriprep_wf/single_subject_DEV005_wf/func_preproc_ses_wave1_task_rest_acq_2_wf/sdc_wf/pepolar_unwarp_wf/prepare_epi_matching_wf/enhance_and_skullstrip_bold_wf/unifize".
210413-23:45:15,237 nipype.workflow INFO:
	 [Node] Running "unifize" ("nipype.interfaces.afni.utils.Unifize"), a CommandLine Interface with command:
3dUnifize -clfrac 0.2 -rbt 18.3 65.0 90.0 -prefix uni.nii.gz -T2 -input /tmp/fmriprep_wf/single_subject_DEV005_wf/func_preproc_ses_wave1_task_rest_acq_2_wf/sdc_wf/pepolar_unwarp_wf/prepare_epi_matching_wf/enhance_and_skullstrip_bold_wf/unifize/vol0000_corrected_brain_masked.nii.gz
210413-23:45:20,953 nipype.workflow INFO:
	 [Node] Finished "fmriprep_wf.single_subject_DEV005_wf.func_preproc_ses_wave1_task_rest_acq_2_wf.sdc_wf.pepolar_unwarp_wf.prepare_epi_matching_wf.enhance_and_skullstrip_bold_wf.unifize".
210413-23:45:21,232 nipype.workflow INFO:
	 [Node] Setting-up "fmriprep_wf.single_subject_DEV005_wf.func_preproc_ses_wave1_task_rest_acq_2_wf.sdc_wf.pepolar_unwarp_wf.prepare_epi_matching_wf.enhance_and_skullstrip_bold_wf.fixhdr_unifize" in "/tmp/fmriprep_wf/single_subject_DEV005_wf/func_preproc_ses_wave1_task_rest_acq_2_wf/sdc_wf/pepolar_unwarp_wf/prepare_epi_matching_wf/enhance_and_skullstrip_bold_wf/fixhdr_unifize".
210413-23:45:21,235 nipype.workflow INFO:
	 [Node] Running "fixhdr_unifize" ("niworkflows.interfaces.utils.CopyXForm")
210413-23:45:21,430 nipype.workflow INFO:
	 [Node] Finished "fmriprep_wf.single_subject_DEV005_wf.func_preproc_ses_wave1_task_rest_acq_2_wf.sdc_wf.pepolar_unwarp_wf.prepare_epi_matching_wf.enhance_and_skullstrip_bold_wf.fixhdr_unifize".
210413-23:45:23,232 nipype.workflow INFO:
	 [Node] Setting-up "fmriprep_wf.single_subject_DEV005_wf.func_preproc_ses_wave1_task_rest_acq_2_wf.sdc_wf.pepolar_unwarp_wf.prepare_epi_matching_wf.enhance_and_skullstrip_bold_wf.skullstrip_second_pass" in "/tmp/fmriprep_wf/single_subject_DEV005_wf/func_preproc_ses_wave1_task_rest_acq_2_wf/sdc_wf/pepolar_unwarp_wf/prepare_epi_matching_wf/enhance_and_skullstrip_bold_wf/skullstrip_second_pass".
210413-23:45:23,237 nipype.workflow INFO:
	 [Node] Running "skullstrip_second_pass" ("nipype.interfaces.afni.preprocess.Automask"), a CommandLine Interface with command:
3dAutomask -apply_prefix uni_xform_masked.nii.gz -dilate 1 -prefix uni_xform_mask.nii.gz /tmp/fmriprep_wf/single_subject_DEV005_wf/func_preproc_ses_wave1_task_rest_acq_2_wf/sdc_wf/pepolar_unwarp_wf/prepare_epi_matching_wf/enhance_and_skullstrip_bold_wf/skullstrip_second_pass/uni_xform.nii.gz
210413-23:45:23,894 nipype.workflow INFO:
	 [Node] Finished "fmriprep_wf.single_subject_DEV005_wf.func_preproc_ses_wave1_task_rest_acq_2_wf.sdc_wf.pepolar_unwarp_wf.prepare_epi_matching_wf.enhance_and_skullstrip_bold_wf.skullstrip_second_pass".
210413-23:45:25,244 nipype.workflow INFO:
	 [Node] Setting-up "fmriprep_wf.single_subject_DEV005_wf.func_preproc_ses_wave1_task_rest_acq_2_wf.sdc_wf.pepolar_unwarp_wf.prepare_epi_matching_wf.enhance_and_skullstrip_bold_wf.fixhdr_skullstrip2" in "/tmp/fmriprep_wf/single_subject_DEV005_wf/func_preproc_ses_wave1_task_rest_acq_2_wf/sdc_wf/pepolar_unwarp_wf/prepare_epi_matching_wf/enhance_and_skullstrip_bold_wf/fixhdr_skullstrip2".
210413-23:45:25,247 nipype.workflow INFO:
	 [Node] Running "fixhdr_skullstrip2" ("niworkflows.interfaces.utils.CopyXForm")
210413-23:45:25,332 nipype.workflow INFO:
	 [Node] Finished "fmriprep_wf.single_subject_DEV005_wf.func_preproc_ses_wave1_task_rest_acq_2_wf.sdc_wf.pepolar_unwarp_wf.prepare_epi_matching_wf.enhance_and_skullstrip_bold_wf.fixhdr_skullstrip2".
210413-23:45:27,240 nipype.workflow INFO:
	 [Node] Setting-up "fmriprep_wf.single_subject_DEV005_wf.func_preproc_ses_wave1_task_rest_acq_2_wf.sdc_wf.pepolar_unwarp_wf.prepare_epi_matching_wf.enhance_and_skullstrip_bold_wf.combine_masks" in "/tmp/fmriprep_wf/single_subject_DEV005_wf/func_preproc_ses_wave1_task_rest_acq_2_wf/sdc_wf/pepolar_unwarp_wf/prepare_epi_matching_wf/enhance_and_skullstrip_bold_wf/combine_masks".
210413-23:45:27,245 nipype.workflow INFO:
	 [Node] Running "combine_masks" ("nipype.interfaces.fsl.maths.BinaryMaths"), a CommandLine Interface with command:
fslmaths /tmp/fmriprep_wf/single_subject_DEV005_wf/func_preproc_ses_wave1_task_rest_acq_2_wf/sdc_wf/pepolar_unwarp_wf/prepare_epi_matching_wf/enhance_and_skullstrip_bold_wf/skullstrip_first_pass/vol0000_corrected_brain_mask.nii.gz -mul /tmp/fmriprep_wf/single_subject_DEV005_wf/func_preproc_ses_wave1_task_rest_acq_2_wf/sdc_wf/pepolar_unwarp_wf/prepare_epi_matching_wf/enhance_and_skullstrip_bold_wf/fixhdr_skullstrip2/uni_xform_mask_xform.nii.gz /tmp/fmriprep_wf/single_subject_DEV005_wf/func_preproc_ses_wave1_task_rest_acq_2_wf/sdc_wf/pepolar_unwarp_wf/prepare_epi_matching_wf/enhance_and_skullstrip_bold_wf/combine_masks/vol0000_corrected_brain_mask_maths.nii.gz
210413-23:45:27,460 nipype.workflow INFO:
	 [Node] Finished "fmriprep_wf.single_subject_DEV005_wf.func_preproc_ses_wave1_task_rest_acq_2_wf.sdc_wf.pepolar_unwarp_wf.prepare_epi_matching_wf.enhance_and_skullstrip_bold_wf.combine_masks".
210413-23:45:29,239 nipype.workflow INFO:
	 [Node] Setting-up "fmriprep_wf.single_subject_DEV005_wf.func_preproc_ses_wave1_task_rest_acq_2_wf.sdc_wf.pepolar_unwarp_wf.prepare_epi_matching_wf.enhance_and_skullstrip_bold_wf.apply_mask" in "/tmp/fmriprep_wf/single_subject_DEV005_wf/func_preproc_ses_wave1_task_rest_acq_2_wf/sdc_wf/pepolar_unwarp_wf/prepare_epi_matching_wf/enhance_and_skullstrip_bold_wf/apply_mask".
210413-23:45:29,244 nipype.workflow INFO:
	 [Node] Running "apply_mask" ("nipype.interfaces.fsl.maths.ApplyMask"), a CommandLine Interface with command:
fslmaths /tmp/fmriprep_wf/single_subject_DEV005_wf/func_preproc_ses_wave1_task_rest_acq_2_wf/sdc_wf/pepolar_unwarp_wf/prepare_epi_matching_wf/enhance_and_skullstrip_bold_wf/fixhdr_unifize/uni_xform.nii.gz -mas /tmp/fmriprep_wf/single_subject_DEV005_wf/func_preproc_ses_wave1_task_rest_acq_2_wf/sdc_wf/pepolar_unwarp_wf/prepare_epi_matching_wf/enhance_and_skullstrip_bold_wf/combine_masks/vol0000_corrected_brain_mask_maths.nii.gz /tmp/fmriprep_wf/single_subject_DEV005_wf/func_preproc_ses_wave1_task_rest_acq_2_wf/sdc_wf/pepolar_unwarp_wf/prepare_epi_matching_wf/enhance_and_skullstrip_bold_wf/apply_mask/uni_xform_masked.nii.gz
210413-23:45:29,543 nipype.workflow INFO:
	 [Node] Finished "fmriprep_wf.single_subject_DEV005_wf.func_preproc_ses_wave1_task_rest_acq_2_wf.sdc_wf.pepolar_unwarp_wf.prepare_epi_matching_wf.enhance_and_skullstrip_bold_wf.apply_mask".
210413-23:45:31,239 nipype.workflow INFO:
	 [Node] Setting-up "fmriprep_wf.single_subject_DEV005_wf.func_preproc_ses_wave1_task_rest_acq_2_wf.bold_reference_wf.validate" in "/tmp/fmriprep_wf/single_subject_DEV005_wf/func_preproc_ses_wave1_task_rest_acq_2_wf/bold_reference_wf/validate".
210413-23:45:31,242 nipype.workflow INFO:
	 [Node] Running "validate" ("fmriprep.interfaces.images.ValidateImage")
210413-23:45:42,77 nipype.workflow INFO:
	 [Node] Finished "fmriprep_wf.single_subject_DEV005_wf.func_preproc_ses_wave1_task_rest_acq_2_wf.bold_reference_wf.validate".
210413-23:45:43,254 nipype.workflow INFO:
	 [Node] Setting-up "fmriprep_wf.single_subject_DEV005_wf.func_preproc_ses_wave1_task_rest_acq_2_wf.bold_split" in "/tmp/fmriprep_wf/single_subject_DEV005_wf/func_preproc_ses_wave1_task_rest_acq_2_wf/bold_split".
210413-23:45:43,258 nipype.workflow INFO:
	 [Node] Running "bold_split" ("nipype.interfaces.fsl.utils.Split"), a CommandLine Interface with command:
fslsplit /tmp/fmriprep_wf/single_subject_DEV005_wf/func_preproc_ses_wave1_task_rest_acq_2_wf/bold_reference_wf/validate/sub-DEV005_ses-wave1_task-rest_acq-2_bold_valid.nii.gz -t
210413-23:46:09,595 nipype.workflow INFO:
	 [Node] Finished "fmriprep_wf.single_subject_DEV005_wf.func_preproc_ses_wave1_task_rest_acq_2_wf.bold_split".
210413-23:46:11,287 nipype.workflow INFO:
	 [Node] Setting-up "fmriprep_wf.single_subject_DEV005_wf.func_preproc_ses_wave1_task_rest_acq_2_wf.bold_mni_trans_wf.gen_ref" in "/tmp/fmriprep_wf/single_subject_DEV005_wf/func_preproc_ses_wave1_task_rest_acq_2_wf/bold_mni_trans_wf/gen_ref".
210413-23:46:11,291 nipype.workflow INFO:
	 [Node] Running "gen_ref" ("niworkflows.interfaces.utils.GenerateSamplingReference")
210413-23:46:12,242 nipype.workflow INFO:
	 [Node] Finished "fmriprep_wf.single_subject_DEV005_wf.func_preproc_ses_wave1_task_rest_acq_2_wf.bold_mni_trans_wf.gen_ref".
210413-23:46:13,463 nipype.workflow INFO:
	 [Node] Setting-up "fmriprep_wf.single_subject_DEV005_wf.func_preproc_ses_wave1_task_rest_acq_2_wf.bold_reference_wf.gen_ref" in "/tmp/fmriprep_wf/single_subject_DEV005_wf/func_preproc_ses_wave1_task_rest_acq_2_wf/bold_reference_wf/gen_ref".
210413-23:46:13,467 nipype.workflow INFO:
	 [Node] Running "gen_ref" ("niworkflows.interfaces.registration.EstimateReferenceImage")
210413-23:46:15,3 nipype.workflow INFO:
	 [Node] Finished "fmriprep_wf.single_subject_DEV005_wf.func_preproc_ses_wave1_task_rest_acq_2_wf.bold_reference_wf.gen_ref".
210413-23:46:15,288 nipype.workflow INFO:
	 [Node] Setting-up "fmriprep_wf.single_subject_DEV005_wf.func_preproc_ses_wave1_task_rest_acq_2_wf.bold_hmc_wf.mcflirt" in "/tmp/fmriprep_wf/single_subject_DEV005_wf/func_preproc_ses_wave1_task_rest_acq_2_wf/bold_hmc_wf/mcflirt".
210413-23:46:15,290 nipype.workflow INFO:
	 [Node] Running "mcflirt" ("nipype.interfaces.fsl.preprocess.MCFLIRT"), a CommandLine Interface with command:
mcflirt -in /tmp/fmriprep_wf/single_subject_DEV005_wf/func_preproc_ses_wave1_task_rest_acq_2_wf/bold_reference_wf/validate/sub-DEV005_ses-wave1_task-rest_acq-2_bold_valid.nii.gz -out /tmp/fmriprep_wf/single_subject_DEV005_wf/func_preproc_ses_wave1_task_rest_acq_2_wf/bold_hmc_wf/mcflirt/sub-DEV005_ses-wave1_task-rest_acq-2_bold_valid_mcf.nii.gz -reffile /tmp/fmriprep_wf/single_subject_DEV005_wf/func_preproc_ses_wave1_task_rest_acq_2_wf/bold_reference_wf/gen_ref/ref_image.nii.gz -mats -plots
210413-23:47:48,956 nipype.workflow INFO:
	 [Node] Finished "fmriprep_wf.single_subject_DEV005_wf.func_preproc_ses_wave1_task_rest_acq_2_wf.bold_hmc_wf.mcflirt".
210413-23:47:49,423 nipype.workflow INFO:
	 [Node] Setting-up "fmriprep_wf.single_subject_DEV005_wf.func_preproc_ses_wave1_task_rest_acq_2_wf.bold_hmc_wf.normalize_motion" in "/tmp/fmriprep_wf/single_subject_DEV005_wf/func_preproc_ses_wave1_task_rest_acq_2_wf/bold_hmc_wf/normalize_motion".
210413-23:47:49,426 nipype.workflow INFO:
	 [Node] Running "normalize_motion" ("niworkflows.interfaces.utils.NormalizeMotionParams")
210413-23:47:49,452 nipype.workflow INFO:
	 [Node] Finished "fmriprep_wf.single_subject_DEV005_wf.func_preproc_ses_wave1_task_rest_acq_2_wf.bold_hmc_wf.normalize_motion".
210413-23:47:51,644 nipype.workflow INFO:
	 [Node] Setting-up "fmriprep_wf.single_subject_DEV005_wf.func_preproc_ses_wave1_task_rest_acq_2_wf.bold_confounds_wf.fdisp" in "/tmp/fmriprep_wf/single_subject_DEV005_wf/func_preproc_ses_wave1_task_rest_acq_2_wf/bold_confounds_wf/fdisp".
210413-23:47:51,648 nipype.workflow INFO:
	 [Node] Running "fdisp" ("nipype.algorithms.confounds.FramewiseDisplacement")
210413-23:47:51,672 nipype.workflow INFO:
	 [Node] Finished "fmriprep_wf.single_subject_DEV005_wf.func_preproc_ses_wave1_task_rest_acq_2_wf.bold_confounds_wf.fdisp".
210413-23:47:53,495 nipype.workflow INFO:
	 [Node] Setting-up "fmriprep_wf.single_subject_DEV005_wf.func_preproc_ses_wave1_task_rest_acq_2_wf.bold_hmc_wf.fsl2itk" in "/tmp/fmriprep_wf/single_subject_DEV005_wf/func_preproc_ses_wave1_task_rest_acq_2_wf/bold_hmc_wf/fsl2itk".
210413-23:47:53,529 nipype.workflow INFO:
	 [Node] Running "fsl2itk" ("fmriprep.interfaces.itk.MCFLIRT2ITK")
210413-23:48:43,985 nipype.workflow INFO:
	 [Node] Finished "fmriprep_wf.single_subject_DEV005_wf.func_preproc_ses_wave1_task_rest_acq_2_wf.bold_hmc_wf.fsl2itk".
210413-23:48:45,470 nipype.workflow INFO:
	 [Node] Setting-up "fmriprep_wf.single_subject_DEV005_wf.func_preproc_ses_wave1_task_rest_acq_2_wf.bold_reference_wf.enhance_and_skullstrip_bold_wf.n4_mask" in "/tmp/fmriprep_wf/single_subject_DEV005_wf/func_preproc_ses_wave1_task_rest_acq_2_wf/bold_reference_wf/enhance_and_skullstrip_bold_wf/n4_mask".
210413-23:48:45,475 nipype.workflow INFO:
	 [Node] Running "n4_mask" ("fmriprep.interfaces.nilearn.MaskEPI")
210413-23:48:46,814 nipype.workflow INFO:
	 [Node] Finished "fmriprep_wf.single_subject_DEV005_wf.func_preproc_ses_wave1_task_rest_acq_2_wf.bold_reference_wf.enhance_and_skullstrip_bold_wf.n4_mask".
210413-23:48:47,419 nipype.workflow INFO:
	 [Node] Setting-up "fmriprep_wf.single_subject_DEV005_wf.func_preproc_ses_wave1_task_rest_acq_2_wf.bold_reference_wf.enhance_and_skullstrip_bold_wf.n4_correct" in "/tmp/fmriprep_wf/single_subject_DEV005_wf/func_preproc_ses_wave1_task_rest_acq_2_wf/bold_reference_wf/enhance_and_skullstrip_bold_wf/n4_correct".
210413-23:48:47,422 nipype.workflow INFO:
	 [Node] Running "n4_correct" ("nipype.interfaces.ants.segmentation.N4BiasFieldCorrection"), a CommandLine Interface with command:
N4BiasFieldCorrection -d 3 --input-image /tmp/fmriprep_wf/single_subject_DEV005_wf/func_preproc_ses_wave1_task_rest_acq_2_wf/bold_reference_wf/gen_ref/ref_image.nii.gz --mask-image /tmp/fmriprep_wf/single_subject_DEV005_wf/func_preproc_ses_wave1_task_rest_acq_2_wf/bold_reference_wf/enhance_and_skullstrip_bold_wf/n4_mask/ref_image_mask.nii.gz --output ref_image_corrected.nii.gz
210413-23:48:50,884 nipype.workflow INFO:
	 [Node] Finished "fmriprep_wf.single_subject_DEV005_wf.func_preproc_ses_wave1_task_rest_acq_2_wf.bold_reference_wf.enhance_and_skullstrip_bold_wf.n4_correct".
210413-23:48:51,484 nipype.workflow INFO:
	 [Node] Setting-up "fmriprep_wf.single_subject_DEV005_wf.func_preproc_ses_wave1_task_rest_acq_2_wf.bold_reference_wf.enhance_and_skullstrip_bold_wf.skullstrip_first_pass" in "/tmp/fmriprep_wf/single_subject_DEV005_wf/func_preproc_ses_wave1_task_rest_acq_2_wf/bold_reference_wf/enhance_and_skullstrip_bold_wf/skullstrip_first_pass".
210413-23:48:51,489 nipype.workflow INFO:
	 [Node] Running "skullstrip_first_pass" ("nipype.interfaces.fsl.preprocess.BET"), a CommandLine Interface with command:
bet /tmp/fmriprep_wf/single_subject_DEV005_wf/func_preproc_ses_wave1_task_rest_acq_2_wf/bold_reference_wf/enhance_and_skullstrip_bold_wf/n4_correct/ref_image_corrected.nii.gz /tmp/fmriprep_wf/single_subject_DEV005_wf/func_preproc_ses_wave1_task_rest_acq_2_wf/bold_reference_wf/enhance_and_skullstrip_bold_wf/skullstrip_first_pass/ref_image_corrected_brain.nii.gz -f 0.20 -m
210413-23:48:53,704 nipype.workflow WARNING:
	 [Node] Error on "fmriprep_wf.single_subject_DEV005_wf.func_preproc_ses_wave1_task_rest_acq_2_wf.bold_reference_wf.enhance_and_skullstrip_bold_wf.skullstrip_first_pass" (/tmp/fmriprep_wf/single_subject_DEV005_wf/func_preproc_ses_wave1_task_rest_acq_2_wf/bold_reference_wf/enhance_and_skullstrip_bold_wf/skullstrip_first_pass)
210413-23:48:55,291 nipype.workflow ERROR:
	 Node skullstrip_first_pass failed to run on host n051.
210413-23:48:55,291 nipype.workflow ERROR:
	 Saving crash info to /projects/sanlab/shared/DEV/bids_data/rs_derivatives/fmriprep/sub-DEV005/log/20210413-234246_ff49fe5b-4921-4fe4-b3ca-15a6d249c05e/crash-20210413-234855-kcheung3-skullstrip_first_pass-ecc7d846-eb66-45bc-ae53-001485c20405.txt
Traceback (most recent call last):
  File "/usr/local/miniconda/lib/python3.6/site-packages/nipype/pipeline/plugins/multiproc.py", line 69, in run_node
    result['result'] = node.run(updatehash=updatehash)
  File "/usr/local/miniconda/lib/python3.6/site-packages/nipype/pipeline/engine/nodes.py", line 480, in run
    result = self._run_interface(execute=True)
  File "/usr/local/miniconda/lib/python3.6/site-packages/nipype/pipeline/engine/nodes.py", line 564, in _run_interface
    return self._run_command(execute)
  File "/usr/local/miniconda/lib/python3.6/site-packages/nipype/pipeline/engine/nodes.py", line 644, in _run_command
    result = self._interface.run(cwd=outdir)
  File "/usr/local/miniconda/lib/python3.6/site-packages/nipype/interfaces/base/core.py", line 523, in run
    outputs = self.aggregate_outputs(runtime)
  File "/usr/local/miniconda/lib/python3.6/site-packages/nipype/interfaces/base/core.py", line 597, in aggregate_outputs
    predicted_outputs = self._list_outputs()
  File "/usr/local/miniconda/lib/python3.6/site-packages/nipype/interfaces/fsl/preprocess.py", line 155, in _list_outputs
    outputs['out_file'] = self._gen_outfilename()
  File "/usr/local/miniconda/lib/python3.6/site-packages/nipype/interfaces/fsl/preprocess.py", line 150, in _gen_outfilename
    out_file = self._gen_fname(self.inputs.in_file, suffix='_brain')
  File "/usr/local/miniconda/lib/python3.6/site-packages/nipype/interfaces/fsl/base.py", line 242, in _gen_fname
    cwd = os.getcwd()
FileNotFoundError: [Errno 2] No such file or directory

210413-23:48:55,500 nipype.workflow INFO:
	 [Node] Setting-up "fmriprep_wf.single_subject_DEV005_wf.func_preproc_ses_wave2_task_rest_acq_1_wf.sdc_wf.pepolar_unwarp_wf.prepare_epi_opposite_wf.split" in "/tmp/fmriprep_wf/single_subject_DEV005_wf/func_preproc_ses_wave2_task_rest_acq_1_wf/sdc_wf/pepolar_unwarp_wf/prepare_epi_opposite_wf/split".
210413-23:48:55,506 nipype.workflow INFO:
	 [Node] Setting-up "_split0" in "/tmp/fmriprep_wf/single_subject_DEV005_wf/func_preproc_ses_wave2_task_rest_acq_1_wf/sdc_wf/pepolar_unwarp_wf/prepare_epi_opposite_wf/split/mapflow/_split0".
210413-23:48:55,511 nipype.workflow INFO:
	 [Node] Running "_split0" ("nipype.interfaces.fsl.utils.Split"), a CommandLine Interface with command:
fslsplit /projects/sanlab/shared/DEV/bids_data/sub-DEV005/ses-wave2/fmap/sub-DEV005_ses-wave2_dir-pa_epi.nii.gz -t
210413-23:48:56,28 nipype.workflow INFO:
	 [Node] Finished "_split0".
210413-23:48:56,32 nipype.workflow INFO:
	 [Node] Finished "fmriprep_wf.single_subject_DEV005_wf.func_preproc_ses_wave2_task_rest_acq_1_wf.sdc_wf.pepolar_unwarp_wf.prepare_epi_opposite_wf.split".
210413-23:48:57,495 nipype.workflow INFO:
	 [Node] Setting-up "fmriprep_wf.single_subject_DEV005_wf.func_preproc_ses_wave2_task_rest_acq_1_wf.sdc_wf.pepolar_unwarp_wf.prepare_epi_opposite_wf.merge" in "/tmp/fmriprep_wf/single_subject_DEV005_wf/func_preproc_ses_wave2_task_rest_acq_1_wf/sdc_wf/pepolar_unwarp_wf/prepare_epi_opposite_wf/merge".
210413-23:48:57,543 nipype.workflow INFO:
	 [Node] Running "merge" ("fmriprep.interfaces.freesurfer.StructuralReference"), a CommandLine Interface with command:
echo Only one time point!
210413-23:48:57,763 nipype.workflow INFO:
	 [Node] Finished "fmriprep_wf.single_subject_DEV005_wf.func_preproc_ses_wave2_task_rest_acq_1_wf.sdc_wf.pepolar_unwarp_wf.prepare_epi_opposite_wf.merge".
210413-23:48:59,500 nipype.workflow INFO:
	 [Node] Setting-up "fmriprep_wf.single_subject_DEV005_wf.func_preproc_ses_wave2_task_rest_acq_1_wf.sdc_wf.pepolar_unwarp_wf.prepare_epi_opposite_wf.enhance_and_skullstrip_bold_wf.n4_mask" in "/tmp/fmriprep_wf/single_subject_DEV005_wf/func_preproc_ses_wave2_task_rest_acq_1_wf/sdc_wf/pepolar_unwarp_wf/prepare_epi_opposite_wf/enhance_and_skullstrip_bold_wf/n4_mask".
210413-23:48:59,504 nipype.workflow INFO:
	 [Node] Running "n4_mask" ("fmriprep.interfaces.nilearn.MaskEPI")
210413-23:49:01,498 nipype.workflow INFO:
	 [Node] Finished "fmriprep_wf.single_subject_DEV005_wf.func_preproc_ses_wave2_task_rest_acq_1_wf.sdc_wf.pepolar_unwarp_wf.prepare_epi_opposite_wf.enhance_and_skullstrip_bold_wf.n4_mask".
210413-23:49:03,500 nipype.workflow INFO:
	 [Node] Setting-up "fmriprep_wf.single_subject_DEV005_wf.func_preproc_ses_wave2_task_rest_acq_1_wf.sdc_wf.pepolar_unwarp_wf.prepare_epi_opposite_wf.enhance_and_skullstrip_bold_wf.n4_correct" in "/tmp/fmriprep_wf/single_subject_DEV005_wf/func_preproc_ses_wave2_task_rest_acq_1_wf/sdc_wf/pepolar_unwarp_wf/prepare_epi_opposite_wf/enhance_and_skullstrip_bold_wf/n4_correct".
210413-23:49:03,505 nipype.workflow INFO:
	 [Node] Running "n4_correct" ("nipype.interfaces.ants.segmentation.N4BiasFieldCorrection"), a CommandLine Interface with command:
N4BiasFieldCorrection -d 3 --input-image /tmp/fmriprep_wf/single_subject_DEV005_wf/func_preproc_ses_wave2_task_rest_acq_1_wf/sdc_wf/pepolar_unwarp_wf/prepare_epi_opposite_wf/split/mapflow/_split0/vol0000.nii.gz --mask-image /tmp/fmriprep_wf/single_subject_DEV005_wf/func_preproc_ses_wave2_task_rest_acq_1_wf/sdc_wf/pepolar_unwarp_wf/prepare_epi_opposite_wf/enhance_and_skullstrip_bold_wf/n4_mask/vol0000_mask.nii.gz --output vol0000_corrected.nii.gz
210413-23:49:08,822 nipype.workflow INFO:
	 [Node] Finished "fmriprep_wf.single_subject_DEV005_wf.func_preproc_ses_wave2_task_rest_acq_1_wf.sdc_wf.pepolar_unwarp_wf.prepare_epi_opposite_wf.enhance_and_skullstrip_bold_wf.n4_correct".
210413-23:49:09,509 nipype.workflow INFO:
	 [Node] Setting-up "fmriprep_wf.single_subject_DEV005_wf.func_preproc_ses_wave2_task_rest_acq_1_wf.sdc_wf.pepolar_unwarp_wf.prepare_epi_opposite_wf.enhance_and_skullstrip_bold_wf.skullstrip_first_pass" in "/tmp/fmriprep_wf/single_subject_DEV005_wf/func_preproc_ses_wave2_task_rest_acq_1_wf/sdc_wf/pepolar_unwarp_wf/prepare_epi_opposite_wf/enhance_and_skullstrip_bold_wf/skullstrip_first_pass".
210413-23:49:09,515 nipype.workflow INFO:
	 [Node] Running "skullstrip_first_pass" ("nipype.interfaces.fsl.preprocess.BET"), a CommandLine Interface with command:
bet /tmp/fmriprep_wf/single_subject_DEV005_wf/func_preproc_ses_wave2_task_rest_acq_1_wf/sdc_wf/pepolar_unwarp_wf/prepare_epi_opposite_wf/enhance_and_skullstrip_bold_wf/n4_correct/vol0000_corrected.nii.gz /tmp/fmriprep_wf/single_subject_DEV005_wf/func_preproc_ses_wave2_task_rest_acq_1_wf/sdc_wf/pepolar_unwarp_wf/prepare_epi_opposite_wf/enhance_and_skullstrip_bold_wf/skullstrip_first_pass/vol0000_corrected_brain.nii.gz -f 0.20 -m
210413-23:49:11,804 nipype.workflow INFO:
	 [Node] Finished "fmriprep_wf.single_subject_DEV005_wf.func_preproc_ses_wave2_task_rest_acq_1_wf.sdc_wf.pepolar_unwarp_wf.prepare_epi_opposite_wf.enhance_and_skullstrip_bold_wf.skullstrip_first_pass".
210413-23:49:13,491 nipype.workflow INFO:
	 [Node] Setting-up "fmriprep_wf.single_subject_DEV005_wf.func_preproc_ses_wave2_task_rest_acq_1_wf.sdc_wf.pepolar_unwarp_wf.prepare_epi_opposite_wf.enhance_and_skullstrip_bold_wf.skullstrip_first_dilate" in "/tmp/fmriprep_wf/single_subject_DEV005_wf/func_preproc_ses_wave2_task_rest_acq_1_wf/sdc_wf/pepolar_unwarp_wf/prepare_epi_opposite_wf/enhance_and_skullstrip_bold_wf/skullstrip_first_dilate".
210413-23:49:13,496 nipype.workflow INFO:
	 [Node] Running "skullstrip_first_dilate" ("nipype.interfaces.fsl.maths.DilateImage"), a CommandLine Interface with command:
fslmaths -dt char /tmp/fmriprep_wf/single_subject_DEV005_wf/func_preproc_ses_wave2_task_rest_acq_1_wf/sdc_wf/pepolar_unwarp_wf/prepare_epi_opposite_wf/enhance_and_skullstrip_bold_wf/skullstrip_first_pass/vol0000_corrected_brain_mask.nii.gz -kernel sphere 6.0000 -dilF /tmp/fmriprep_wf/single_subject_DEV005_wf/func_preproc_ses_wave2_task_rest_acq_1_wf/sdc_wf/pepolar_unwarp_wf/prepare_epi_opposite_wf/enhance_and_skullstrip_bold_wf/skullstrip_first_dilate/vol0000_corrected_brain_mask_dil.nii.gz
210413-23:49:18,682 nipype.workflow INFO:
	 [Node] Finished "fmriprep_wf.single_subject_DEV005_wf.func_preproc_ses_wave2_task_rest_acq_1_wf.sdc_wf.pepolar_unwarp_wf.prepare_epi_opposite_wf.enhance_and_skullstrip_bold_wf.skullstrip_first_dilate".
210413-23:49:19,484 nipype.workflow INFO:
	 [Node] Setting-up "fmriprep_wf.single_subject_DEV005_wf.func_preproc_ses_wave2_task_rest_acq_1_wf.sdc_wf.pepolar_unwarp_wf.prepare_epi_opposite_wf.enhance_and_skullstrip_bold_wf.skullstrip_first_mask" in "/tmp/fmriprep_wf/single_subject_DEV005_wf/func_preproc_ses_wave2_task_rest_acq_1_wf/sdc_wf/pepolar_unwarp_wf/prepare_epi_opposite_wf/enhance_and_skullstrip_bold_wf/skullstrip_first_mask".
210413-23:49:19,489 nipype.workflow INFO:
	 [Node] Running "skullstrip_first_mask" ("nipype.interfaces.fsl.maths.ApplyMask"), a CommandLine Interface with command:
fslmaths /tmp/fmriprep_wf/single_subject_DEV005_wf/func_preproc_ses_wave2_task_rest_acq_1_wf/sdc_wf/pepolar_unwarp_wf/prepare_epi_opposite_wf/enhance_and_skullstrip_bold_wf/skullstrip_first_pass/vol0000_corrected_brain.nii.gz -mas /tmp/fmriprep_wf/single_subject_DEV005_wf/func_preproc_ses_wave2_task_rest_acq_1_wf/sdc_wf/pepolar_unwarp_wf/prepare_epi_opposite_wf/enhance_and_skullstrip_bold_wf/skullstrip_first_dilate/vol0000_corrected_brain_mask_dil.nii.gz /tmp/fmriprep_wf/single_subject_DEV005_wf/func_preproc_ses_wave2_task_rest_acq_1_wf/sdc_wf/pepolar_unwarp_wf/prepare_epi_opposite_wf/enhance_and_skullstrip_bold_wf/skullstrip_first_mask/vol0000_corrected_brain_masked.nii.gz
210413-23:49:19,822 nipype.workflow INFO:
	 [Node] Finished "fmriprep_wf.single_subject_DEV005_wf.func_preproc_ses_wave2_task_rest_acq_1_wf.sdc_wf.pepolar_unwarp_wf.prepare_epi_opposite_wf.enhance_and_skullstrip_bold_wf.skullstrip_first_mask".
210413-23:49:21,488 nipype.workflow INFO:
	 [Node] Setting-up "fmriprep_wf.single_subject_DEV005_wf.func_preproc_ses_wave2_task_rest_acq_1_wf.sdc_wf.pepolar_unwarp_wf.prepare_epi_opposite_wf.enhance_and_skullstrip_bold_wf.unifize" in "/tmp/fmriprep_wf/single_subject_DEV005_wf/func_preproc_ses_wave2_task_rest_acq_1_wf/sdc_wf/pepolar_unwarp_wf/prepare_epi_opposite_wf/enhance_and_skullstrip_bold_wf/unifize".
210413-23:49:21,493 nipype.workflow INFO:
	 [Node] Running "unifize" ("nipype.interfaces.afni.utils.Unifize"), a CommandLine Interface with command:
3dUnifize -clfrac 0.2 -rbt 18.3 65.0 90.0 -prefix uni.nii.gz -T2 -input /tmp/fmriprep_wf/single_subject_DEV005_wf/func_preproc_ses_wave2_task_rest_acq_1_wf/sdc_wf/pepolar_unwarp_wf/prepare_epi_opposite_wf/enhance_and_skullstrip_bold_wf/unifize/vol0000_corrected_brain_masked.nii.gz
210413-23:49:27,21 nipype.workflow INFO:
	 [Node] Finished "fmriprep_wf.single_subject_DEV005_wf.func_preproc_ses_wave2_task_rest_acq_1_wf.sdc_wf.pepolar_unwarp_wf.prepare_epi_opposite_wf.enhance_and_skullstrip_bold_wf.unifize".
210413-23:49:27,499 nipype.workflow INFO:
	 [Node] Setting-up "fmriprep_wf.single_subject_DEV005_wf.func_preproc_ses_wave2_task_rest_acq_1_wf.sdc_wf.pepolar_unwarp_wf.prepare_epi_opposite_wf.enhance_and_skullstrip_bold_wf.fixhdr_unifize" in "/tmp/fmriprep_wf/single_subject_DEV005_wf/func_preproc_ses_wave2_task_rest_acq_1_wf/sdc_wf/pepolar_unwarp_wf/prepare_epi_opposite_wf/enhance_and_skullstrip_bold_wf/fixhdr_unifize".
210413-23:49:27,502 nipype.workflow INFO:
	 [Node] Running "fixhdr_unifize" ("niworkflows.interfaces.utils.CopyXForm")
210413-23:49:27,698 nipype.workflow INFO:
	 [Node] Finished "fmriprep_wf.single_subject_DEV005_wf.func_preproc_ses_wave2_task_rest_acq_1_wf.sdc_wf.pepolar_unwarp_wf.prepare_epi_opposite_wf.enhance_and_skullstrip_bold_wf.fixhdr_unifize".
210413-23:49:29,496 nipype.workflow INFO:
	 [Node] Setting-up "fmriprep_wf.single_subject_DEV005_wf.func_preproc_ses_wave2_task_rest_acq_1_wf.sdc_wf.pepolar_unwarp_wf.prepare_epi_opposite_wf.enhance_and_skullstrip_bold_wf.skullstrip_second_pass" in "/tmp/fmriprep_wf/single_subject_DEV005_wf/func_preproc_ses_wave2_task_rest_acq_1_wf/sdc_wf/pepolar_unwarp_wf/prepare_epi_opposite_wf/enhance_and_skullstrip_bold_wf/skullstrip_second_pass".
210413-23:49:29,501 nipype.workflow INFO:
	 [Node] Running "skullstrip_second_pass" ("nipype.interfaces.afni.preprocess.Automask"), a CommandLine Interface with command:
3dAutomask -apply_prefix uni_xform_masked.nii.gz -dilate 1 -prefix uni_xform_mask.nii.gz /tmp/fmriprep_wf/single_subject_DEV005_wf/func_preproc_ses_wave2_task_rest_acq_1_wf/sdc_wf/pepolar_unwarp_wf/prepare_epi_opposite_wf/enhance_and_skullstrip_bold_wf/skullstrip_second_pass/uni_xform.nii.gz
210413-23:49:30,179 nipype.workflow INFO:
	 [Node] Finished "fmriprep_wf.single_subject_DEV005_wf.func_preproc_ses_wave2_task_rest_acq_1_wf.sdc_wf.pepolar_unwarp_wf.prepare_epi_opposite_wf.enhance_and_skullstrip_bold_wf.skullstrip_second_pass".
210413-23:49:31,497 nipype.workflow INFO:
	 [Node] Setting-up "fmriprep_wf.single_subject_DEV005_wf.func_preproc_ses_wave2_task_rest_acq_1_wf.sdc_wf.pepolar_unwarp_wf.prepare_epi_opposite_wf.enhance_and_skullstrip_bold_wf.fixhdr_skullstrip2" in "/tmp/fmriprep_wf/single_subject_DEV005_wf/func_preproc_ses_wave2_task_rest_acq_1_wf/sdc_wf/pepolar_unwarp_wf/prepare_epi_opposite_wf/enhance_and_skullstrip_bold_wf/fixhdr_skullstrip2".
210413-23:49:31,500 nipype.workflow INFO:
	 [Node] Running "fixhdr_skullstrip2" ("niworkflows.interfaces.utils.CopyXForm")
210413-23:49:31,583 nipype.workflow INFO:
	 [Node] Finished "fmriprep_wf.single_subject_DEV005_wf.func_preproc_ses_wave2_task_rest_acq_1_wf.sdc_wf.pepolar_unwarp_wf.prepare_epi_opposite_wf.enhance_and_skullstrip_bold_wf.fixhdr_skullstrip2".
210413-23:49:33,502 nipype.workflow INFO:
	 [Node] Setting-up "fmriprep_wf.single_subject_DEV005_wf.func_preproc_ses_wave2_task_rest_acq_1_wf.sdc_wf.pepolar_unwarp_wf.prepare_epi_opposite_wf.enhance_and_skullstrip_bold_wf.combine_masks" in "/tmp/fmriprep_wf/single_subject_DEV005_wf/func_preproc_ses_wave2_task_rest_acq_1_wf/sdc_wf/pepolar_unwarp_wf/prepare_epi_opposite_wf/enhance_and_skullstrip_bold_wf/combine_masks".
210413-23:49:33,507 nipype.workflow INFO:
	 [Node] Running "combine_masks" ("nipype.interfaces.fsl.maths.BinaryMaths"), a CommandLine Interface with command:
fslmaths /tmp/fmriprep_wf/single_subject_DEV005_wf/func_preproc_ses_wave2_task_rest_acq_1_wf/sdc_wf/pepolar_unwarp_wf/prepare_epi_opposite_wf/enhance_and_skullstrip_bold_wf/skullstrip_first_pass/vol0000_corrected_brain_mask.nii.gz -mul /tmp/fmriprep_wf/single_subject_DEV005_wf/func_preproc_ses_wave2_task_rest_acq_1_wf/sdc_wf/pepolar_unwarp_wf/prepare_epi_opposite_wf/enhance_and_skullstrip_bold_wf/fixhdr_skullstrip2/uni_xform_mask_xform.nii.gz /tmp/fmriprep_wf/single_subject_DEV005_wf/func_preproc_ses_wave2_task_rest_acq_1_wf/sdc_wf/pepolar_unwarp_wf/prepare_epi_opposite_wf/enhance_and_skullstrip_bold_wf/combine_masks/vol0000_corrected_brain_mask_maths.nii.gz
210413-23:49:33,725 nipype.workflow INFO:
	 [Node] Finished "fmriprep_wf.single_subject_DEV005_wf.func_preproc_ses_wave2_task_rest_acq_1_wf.sdc_wf.pepolar_unwarp_wf.prepare_epi_opposite_wf.enhance_and_skullstrip_bold_wf.combine_masks".
210413-23:49:35,501 nipype.workflow INFO:
	 [Node] Setting-up "fmriprep_wf.single_subject_DEV005_wf.func_preproc_ses_wave2_task_rest_acq_1_wf.sdc_wf.pepolar_unwarp_wf.prepare_epi_opposite_wf.enhance_and_skullstrip_bold_wf.apply_mask" in "/tmp/fmriprep_wf/single_subject_DEV005_wf/func_preproc_ses_wave2_task_rest_acq_1_wf/sdc_wf/pepolar_unwarp_wf/prepare_epi_opposite_wf/enhance_and_skullstrip_bold_wf/apply_mask".
210413-23:49:35,505 nipype.workflow INFO:
	 [Node] Running "apply_mask" ("nipype.interfaces.fsl.maths.ApplyMask"), a CommandLine Interface with command:
fslmaths /tmp/fmriprep_wf/single_subject_DEV005_wf/func_preproc_ses_wave2_task_rest_acq_1_wf/sdc_wf/pepolar_unwarp_wf/prepare_epi_opposite_wf/enhance_and_skullstrip_bold_wf/fixhdr_unifize/uni_xform.nii.gz -mas /tmp/fmriprep_wf/single_subject_DEV005_wf/func_preproc_ses_wave2_task_rest_acq_1_wf/sdc_wf/pepolar_unwarp_wf/prepare_epi_opposite_wf/enhance_and_skullstrip_bold_wf/combine_masks/vol0000_corrected_brain_mask_maths.nii.gz /tmp/fmriprep_wf/single_subject_DEV005_wf/func_preproc_ses_wave2_task_rest_acq_1_wf/sdc_wf/pepolar_unwarp_wf/prepare_epi_opposite_wf/enhance_and_skullstrip_bold_wf/apply_mask/uni_xform_masked.nii.gz
210413-23:49:35,806 nipype.workflow INFO:
	 [Node] Finished "fmriprep_wf.single_subject_DEV005_wf.func_preproc_ses_wave2_task_rest_acq_1_wf.sdc_wf.pepolar_unwarp_wf.prepare_epi_opposite_wf.enhance_and_skullstrip_bold_wf.apply_mask".
210413-23:50:05,524 nipype.workflow INFO:
	 [Node] Setting-up "fmriprep_wf.single_subject_DEV005_wf.func_preproc_ses_wave2_task_rest_acq_1_wf.bold_split" in "/tmp/fmriprep_wf/single_subject_DEV005_wf/func_preproc_ses_wave2_task_rest_acq_1_wf/bold_split".
210413-23:50:05,529 nipype.workflow INFO:
	 [Node] Running "bold_split" ("nipype.interfaces.fsl.utils.Split"), a CommandLine Interface with command:
fslsplit /tmp/fmriprep_wf/single_subject_DEV005_wf/func_preproc_ses_wave2_task_rest_acq_1_wf/bold_reference_wf/validate/sub-DEV005_ses-wave2_task-rest_acq-1_bold_valid.nii.gz -t
210413-23:50:33,470 nipype.workflow ERROR:
	 Node bold_split failed to run on host n051.
210413-23:50:33,470 nipype.workflow ERROR:
	 Saving crash info to /projects/sanlab/shared/DEV/bids_data/rs_derivatives/fmriprep/sub-DEV005/log/20210413-234246_ff49fe5b-4921-4fe4-b3ca-15a6d249c05e/crash-20210413-235033-kcheung3-bold_split-6e42b95f-78e5-41ed-926c-0d7e8d3ce8a1.txt
Traceback (most recent call last):
  File "/usr/local/miniconda/lib/python3.6/shutil.py", line 544, in move
    os.rename(src, real_dst)
FileNotFoundError: [Errno 2] No such file or directory: '/tmp/fmriprep_wf/single_subject_DEV005_wf/func_preproc_ses_wave2_task_rest_acq_1_wf/bold_split/_0x0b5aca5301b516a9fb7d94f95a377262_unfinished.json' -> '/tmp/fmriprep_wf/single_subject_DEV005_wf/func_preproc_ses_wave2_task_rest_acq_1_wf/bold_split/_0x0b5aca5301b516a9fb7d94f95a377262.json'

During handling of the above exception, another exception occurred:

Traceback (most recent call last):
  File "/usr/local/miniconda/lib/python3.6/site-packages/nipype/pipeline/plugins/multiproc.py", line 69, in run_node
    result['result'] = node.run(updatehash=updatehash)
  File "/usr/local/miniconda/lib/python3.6/site-packages/nipype/pipeline/engine/nodes.py", line 489, in run
    hashfile_unfinished.replace('_unfinished', ''))
  File "/usr/local/miniconda/lib/python3.6/shutil.py", line 558, in move
    copy_function(src, real_dst)
  File "/usr/local/miniconda/lib/python3.6/shutil.py", line 257, in copy2
    copyfile(src, dst, follow_symlinks=follow_symlinks)
  File "/usr/local/miniconda/lib/python3.6/shutil.py", line 120, in copyfile
    with open(src, 'rb') as fsrc:
FileNotFoundError: [Errno 2] No such file or directory: '/tmp/fmriprep_wf/single_subject_DEV005_wf/func_preproc_ses_wave2_task_rest_acq_1_wf/bold_split/_0x0b5aca5301b516a9fb7d94f95a377262_unfinished.json'

210413-23:50:35,552 nipype.workflow INFO:
	 [Node] Setting-up "fmriprep_wf.single_subject_DEV005_wf.func_preproc_ses_wave2_task_rest_acq_1_wf.bold_hmc_wf.mcflirt" in "/tmp/fmriprep_wf/single_subject_DEV005_wf/func_preproc_ses_wave2_task_rest_acq_1_wf/bold_hmc_wf/mcflirt".
210413-23:50:35,558 nipype.workflow INFO:
	 [Node] Running "mcflirt" ("nipype.interfaces.fsl.preprocess.MCFLIRT"), a CommandLine Interface with command:
mcflirt -in /tmp/fmriprep_wf/single_subject_DEV005_wf/func_preproc_ses_wave2_task_rest_acq_1_wf/bold_reference_wf/validate/sub-DEV005_ses-wave2_task-rest_acq-1_bold_valid.nii.gz -out /tmp/fmriprep_wf/single_subject_DEV005_wf/func_preproc_ses_wave2_task_rest_acq_1_wf/bold_hmc_wf/mcflirt/sub-DEV005_ses-wave2_task-rest_acq-1_bold_valid_mcf.nii.gz -reffile /tmp/fmriprep_wf/single_subject_DEV005_wf/func_preproc_ses_wave2_task_rest_acq_1_wf/bold_reference_wf/gen_ref/ref_image.nii.gz -mats -plots
210413-23:52:17,585 nipype.workflow ERROR:
	 Node mcflirt failed to run on host n051.
210413-23:52:17,586 nipype.workflow ERROR:
	 Saving crash info to /projects/sanlab/shared/DEV/bids_data/rs_derivatives/fmriprep/sub-DEV005/log/20210413-234246_ff49fe5b-4921-4fe4-b3ca-15a6d249c05e/crash-20210413-235217-kcheung3-mcflirt-d088cd27-7e51-403d-9d70-bd00b9861a8f.txt
Traceback (most recent call last):
  File "/usr/local/miniconda/lib/python3.6/shutil.py", line 544, in move
    os.rename(src, real_dst)
FileNotFoundError: [Errno 2] No such file or directory: '/tmp/fmriprep_wf/single_subject_DEV005_wf/func_preproc_ses_wave2_task_rest_acq_1_wf/bold_hmc_wf/mcflirt/_0x72c1f3cfa1a568dffe1216e8b275017f_unfinished.json' -> '/tmp/fmriprep_wf/single_subject_DEV005_wf/func_preproc_ses_wave2_task_rest_acq_1_wf/bold_hmc_wf/mcflirt/_0x72c1f3cfa1a568dffe1216e8b275017f.json'

During handling of the above exception, another exception occurred:

Traceback (most recent call last):
  File "/usr/local/miniconda/lib/python3.6/site-packages/nipype/pipeline/plugins/multiproc.py", line 69, in run_node
    result['result'] = node.run(updatehash=updatehash)
  File "/usr/local/miniconda/lib/python3.6/site-packages/nipype/pipeline/engine/nodes.py", line 489, in run
    hashfile_unfinished.replace('_unfinished', ''))
  File "/usr/local/miniconda/lib/python3.6/shutil.py", line 558, in move
    copy_function(src, real_dst)
  File "/usr/local/miniconda/lib/python3.6/shutil.py", line 257, in copy2
    copyfile(src, dst, follow_symlinks=follow_symlinks)
  File "/usr/local/miniconda/lib/python3.6/shutil.py", line 120, in copyfile
    with open(src, 'rb') as fsrc:
FileNotFoundError: [Errno 2] No such file or directory: '/tmp/fmriprep_wf/single_subject_DEV005_wf/func_preproc_ses_wave2_task_rest_acq_1_wf/bold_hmc_wf/mcflirt/_0x72c1f3cfa1a568dffe1216e8b275017f_unfinished.json'

210413-23:52:39,768 nipype.workflow INFO:
	 [Node] Setting-up "fmriprep_wf.single_subject_DEV005_wf.func_preproc_ses_wave2_task_rest_acq_1_wf.sdc_wf.pepolar_unwarp_wf.prepare_epi_matching_wf.fmap2ref_reg" in "/tmp/fmriprep_wf/single_subject_DEV005_wf/func_preproc_ses_wave2_task_rest_acq_1_wf/sdc_wf/pepolar_unwarp_wf/prepare_epi_matching_wf/fmap2ref_reg".
210413-23:52:39,779 nipype.workflow INFO:
	 [Node] Running "fmap2ref_reg" ("nipype.interfaces.ants.registration.Registration"), a CommandLine Interface with command:
antsRegistration --collapse-output-transforms 1 --dimensionality 3 --float 1 --initialize-transforms-per-stage 0 --interpolation LanczosWindowedSinc --output [ transform, transform_Warped.nii.gz ] --transform Translation[ 0.05 ] --metric Mattes[ /tmp/fmriprep_wf/single_subject_DEV005_wf/func_preproc_ses_wave2_task_rest_acq_1_wf/bold_reference_wf/enhance_and_skullstrip_bold_wf/apply_mask/uni_xform_masked.nii.gz, /tmp/fmriprep_wf/single_subject_DEV005_wf/func_preproc_ses_wave2_task_rest_acq_1_wf/sdc_wf/pepolar_unwarp_wf/prepare_epi_matching_wf/enhance_and_skullstrip_bold_wf/apply_mask/uni_xform_masked.nii.gz, 1, 64, Random, 0.5 ] --convergence [ 500, 1e-07, 200 ] --smoothing-sigmas 8.0mm --shrink-factors 2 --use-estimate-learning-rate-once 1 --use-histogram-matching 1 --transform Rigid[ 0.01 ] --metric Mattes[ /tmp/fmriprep_wf/single_subject_DEV005_wf/func_preproc_ses_wave2_task_rest_acq_1_wf/bold_reference_wf/enhance_and_skullstrip_bold_wf/apply_mask/uni_xform_masked.nii.gz, /tmp/fmriprep_wf/single_subject_DEV005_wf/func_preproc_ses_wave2_task_rest_acq_1_wf/sdc_wf/pepolar_unwarp_wf/prepare_epi_matching_wf/enhance_and_skullstrip_bold_wf/apply_mask/uni_xform_masked.nii.gz, 1, 64, Random, 0.5 ] --convergence [ 200, 1e-08, 100 ] --smoothing-sigmas 2.0mm --shrink-factors 1 --use-estimate-learning-rate-once 1 --use-histogram-matching 1 --winsorize-image-intensities [ 0.005, 0.998 ]  --write-composite-transform 1
210413-23:53:15,600 nipype.workflow ERROR:
	 Node fmap2ref_reg failed to run on host n051.
210413-23:53:15,601 nipype.workflow ERROR:
	 Saving crash info to /projects/sanlab/shared/DEV/bids_data/rs_derivatives/fmriprep/sub-DEV005/log/20210413-234246_ff49fe5b-4921-4fe4-b3ca-15a6d249c05e/crash-20210413-235315-kcheung3-fmap2ref_reg-eea97db6-8d76-445d-8a71-613eef0f8561.txt
Traceback (most recent call last):
  File "/usr/local/miniconda/lib/python3.6/shutil.py", line 544, in move
    os.rename(src, real_dst)
FileNotFoundError: [Errno 2] No such file or directory: '/tmp/fmriprep_wf/single_subject_DEV005_wf/func_preproc_ses_wave2_task_rest_acq_1_wf/sdc_wf/pepolar_unwarp_wf/prepare_epi_matching_wf/fmap2ref_reg/_0xe90f6471aed00850740eb299a314c400_unfinished.json' -> '/tmp/fmriprep_wf/single_subject_DEV005_wf/func_preproc_ses_wave2_task_rest_acq_1_wf/sdc_wf/pepolar_unwarp_wf/prepare_epi_matching_wf/fmap2ref_reg/_0xe90f6471aed00850740eb299a314c400.json'

During handling of the above exception, another exception occurred:

Traceback (most recent call last):
  File "/usr/local/miniconda/lib/python3.6/site-packages/nipype/pipeline/plugins/multiproc.py", line 69, in run_node
    result['result'] = node.run(updatehash=updatehash)
  File "/usr/local/miniconda/lib/python3.6/site-packages/nipype/pipeline/engine/nodes.py", line 489, in run
    hashfile_unfinished.replace('_unfinished', ''))
  File "/usr/local/miniconda/lib/python3.6/shutil.py", line 558, in move
    copy_function(src, real_dst)
  File "/usr/local/miniconda/lib/python3.6/shutil.py", line 257, in copy2
    copyfile(src, dst, follow_symlinks=follow_symlinks)
  File "/usr/local/miniconda/lib/python3.6/shutil.py", line 120, in copyfile
    with open(src, 'rb') as fsrc:
FileNotFoundError: [Errno 2] No such file or directory: '/tmp/fmriprep_wf/single_subject_DEV005_wf/func_preproc_ses_wave2_task_rest_acq_1_wf/sdc_wf/pepolar_unwarp_wf/prepare_epi_matching_wf/fmap2ref_reg/_0xe90f6471aed00850740eb299a314c400_unfinished.json'

210413-23:53:15,779 nipype.workflow INFO:
	 [Node] Setting-up "fmriprep_wf.single_subject_DEV005_wf.func_preproc_ses_wave2_task_rest_acq_1_wf.sdc_wf.pepolar_unwarp_wf.prepare_epi_opposite_wf.fmap2ref_reg" in "/tmp/fmriprep_wf/single_subject_DEV005_wf/func_preproc_ses_wave2_task_rest_acq_1_wf/sdc_wf/pepolar_unwarp_wf/prepare_epi_opposite_wf/fmap2ref_reg".
210413-23:53:15,789 nipype.workflow INFO:
	 [Node] Running "fmap2ref_reg" ("nipype.interfaces.ants.registration.Registration"), a CommandLine Interface with command:
antsRegistration --collapse-output-transforms 1 --dimensionality 3 --float 1 --initialize-transforms-per-stage 0 --interpolation LanczosWindowedSinc --output [ transform, transform_Warped.nii.gz ] --transform Translation[ 0.05 ] --metric Mattes[ /tmp/fmriprep_wf/single_subject_DEV005_wf/func_preproc_ses_wave2_task_rest_acq_1_wf/bold_reference_wf/enhance_and_skullstrip_bold_wf/apply_mask/uni_xform_masked.nii.gz, /tmp/fmriprep_wf/single_subject_DEV005_wf/func_preproc_ses_wave2_task_rest_acq_1_wf/sdc_wf/pepolar_unwarp_wf/prepare_epi_opposite_wf/enhance_and_skullstrip_bold_wf/apply_mask/uni_xform_masked.nii.gz, 1, 64, Random, 0.5 ] --convergence [ 500, 1e-07, 200 ] --smoothing-sigmas 8.0mm --shrink-factors 2 --use-estimate-learning-rate-once 1 --use-histogram-matching 1 --transform Rigid[ 0.01 ] --metric Mattes[ /tmp/fmriprep_wf/single_subject_DEV005_wf/func_preproc_ses_wave2_task_rest_acq_1_wf/bold_reference_wf/enhance_and_skullstrip_bold_wf/apply_mask/uni_xform_masked.nii.gz, /tmp/fmriprep_wf/single_subject_DEV005_wf/func_preproc_ses_wave2_task_rest_acq_1_wf/sdc_wf/pepolar_unwarp_wf/prepare_epi_opposite_wf/enhance_and_skullstrip_bold_wf/apply_mask/uni_xform_masked.nii.gz, 1, 64, Random, 0.5 ] --convergence [ 200, 1e-08, 100 ] --smoothing-sigmas 2.0mm --shrink-factors 1 --use-estimate-learning-rate-once 1 --use-histogram-matching 1 --winsorize-image-intensities [ 0.005, 0.998 ]  --write-composite-transform 1
210413-23:53:50,637 nipype.workflow INFO:
	 [Node] Finished "fmriprep_wf.single_subject_DEV005_wf.func_preproc_ses_wave2_task_rest_acq_1_wf.sdc_wf.pepolar_unwarp_wf.prepare_epi_opposite_wf.fmap2ref_reg".
210413-23:54:45,891 nipype.workflow INFO:
	 [Node] Setting-up "fmriprep_wf.single_subject_DEV005_wf.func_preproc_ses_wave2_task_rest_acq_2_wf.bold_split" in "/tmp/fmriprep_wf/single_subject_DEV005_wf/func_preproc_ses_wave2_task_rest_acq_2_wf/bold_split".
210413-23:54:47,726 nipype.workflow ERROR:
	 Node bold_split failed to run on host n051.
210413-23:54:47,726 nipype.workflow ERROR:
	 Saving crash info to /projects/sanlab/shared/DEV/bids_data/rs_derivatives/fmriprep/sub-DEV005/log/20210413-234246_ff49fe5b-4921-4fe4-b3ca-15a6d249c05e/crash-20210413-235447-kcheung3-bold_split-84c3c349-7d99-415a-b9c0-2046860d92e1.txt
Traceback (most recent call last):
  File "/usr/local/miniconda/lib/python3.6/site-packages/nipype/pipeline/plugins/multiproc.py", line 69, in run_node
    result['result'] = node.run(updatehash=updatehash)
  File "/usr/local/miniconda/lib/python3.6/site-packages/nipype/pipeline/engine/nodes.py", line 458, in run
    emptydirs(outdir, noexist_ok=True)
  File "/usr/local/miniconda/lib/python3.6/site-packages/nipype/utils/filemanip.py", line 828, in emptydirs
    raise ex
  File "/usr/local/miniconda/lib/python3.6/site-packages/nipype/utils/filemanip.py", line 818, in emptydirs
    shutil.rmtree(path)
  File "/usr/local/miniconda/lib/python3.6/shutil.py", line 484, in rmtree
    onerror(os.rmdir, path, sys.exc_info())
  File "/usr/local/miniconda/lib/python3.6/shutil.py", line 482, in rmtree
    os.rmdir(path)
OSError: [Errno 39] Directory not empty: '/tmp/fmriprep_wf/single_subject_DEV005_wf/func_preproc_ses_wave2_task_rest_acq_2_wf/bold_split'

210413-23:54:48,68 nipype.workflow INFO:
	 [Node] Setting-up "fmriprep_wf.single_subject_DEV005_wf.func_preproc_ses_wave2_task_rest_acq_2_wf.bold_reference_wf.gen_ref" in "/tmp/fmriprep_wf/single_subject_DEV005_wf/func_preproc_ses_wave2_task_rest_acq_2_wf/bold_reference_wf/gen_ref".
210413-23:54:48,72 nipype.workflow INFO:
	 [Node] Running "gen_ref" ("niworkflows.interfaces.registration.EstimateReferenceImage")
210413-23:54:49,553 nipype.workflow INFO:
	 [Node] Finished "fmriprep_wf.single_subject_DEV005_wf.func_preproc_ses_wave2_task_rest_acq_2_wf.bold_reference_wf.gen_ref".
210413-23:54:49,858 nipype.workflow INFO:
	 [Node] Setting-up "fmriprep_wf.single_subject_DEV005_wf.func_preproc_ses_wave2_task_rest_acq_2_wf.bold_hmc_wf.mcflirt" in "/tmp/fmriprep_wf/single_subject_DEV005_wf/func_preproc_ses_wave2_task_rest_acq_2_wf/bold_hmc_wf/mcflirt".
210413-23:54:49,861 nipype.workflow INFO:
	 [Node] Running "mcflirt" ("nipype.interfaces.fsl.preprocess.MCFLIRT"), a CommandLine Interface with command:
mcflirt -in /tmp/fmriprep_wf/single_subject_DEV005_wf/func_preproc_ses_wave2_task_rest_acq_2_wf/bold_reference_wf/validate/sub-DEV005_ses-wave2_task-rest_acq-2_bold_valid.nii.gz -out /tmp/fmriprep_wf/single_subject_DEV005_wf/func_preproc_ses_wave2_task_rest_acq_2_wf/bold_hmc_wf/mcflirt/sub-DEV005_ses-wave2_task-rest_acq-2_bold_valid_mcf.nii.gz -reffile /tmp/fmriprep_wf/single_subject_DEV005_wf/func_preproc_ses_wave2_task_rest_acq_2_wf/bold_reference_wf/gen_ref/ref_image.nii.gz -mats -plots
210413-23:56:31,414 nipype.workflow WARNING:
	 [Node] Error on "fmriprep_wf.single_subject_DEV005_wf.func_preproc_ses_wave2_task_rest_acq_2_wf.bold_hmc_wf.mcflirt" (/tmp/fmriprep_wf/single_subject_DEV005_wf/func_preproc_ses_wave2_task_rest_acq_2_wf/bold_hmc_wf/mcflirt)
210413-23:56:31,838 nipype.workflow ERROR:
	 Node mcflirt failed to run on host n051.
210413-23:56:31,838 nipype.workflow ERROR:
	 Saving crash info to /projects/sanlab/shared/DEV/bids_data/rs_derivatives/fmriprep/sub-DEV005/log/20210413-234246_ff49fe5b-4921-4fe4-b3ca-15a6d249c05e/crash-20210413-235631-kcheung3-mcflirt-899f44fb-a413-49dc-b83b-2e8daea251d4.txt
Traceback (most recent call last):
  File "/usr/local/miniconda/lib/python3.6/site-packages/nipype/pipeline/plugins/multiproc.py", line 69, in run_node
    result['result'] = node.run(updatehash=updatehash)
  File "/usr/local/miniconda/lib/python3.6/site-packages/nipype/pipeline/engine/nodes.py", line 480, in run
    result = self._run_interface(execute=True)
  File "/usr/local/miniconda/lib/python3.6/site-packages/nipype/pipeline/engine/nodes.py", line 564, in _run_interface
    return self._run_command(execute)
  File "/usr/local/miniconda/lib/python3.6/site-packages/nipype/pipeline/engine/nodes.py", line 644, in _run_command
    result = self._interface.run(cwd=outdir)
  File "/usr/local/miniconda/lib/python3.6/site-packages/nipype/interfaces/base/core.py", line 523, in run
    outputs = self.aggregate_outputs(runtime)
  File "/usr/local/miniconda/lib/python3.6/site-packages/nipype/interfaces/base/core.py", line 597, in aggregate_outputs
    predicted_outputs = self._list_outputs()
  File "/usr/local/miniconda/lib/python3.6/site-packages/nipype/interfaces/fsl/preprocess.py", line 823, in _list_outputs
    cwd = os.getcwd()
FileNotFoundError: [Errno 2] No such file or directory

210413-23:56:32,13 nipype.workflow INFO:
	 [Node] Setting-up "fmriprep_wf.single_subject_DEV005_wf.func_preproc_ses_wave2_task_rest_acq_2_wf.bold_reference_wf.enhance_and_skullstrip_bold_wf.n4_mask" in "/tmp/fmriprep_wf/single_subject_DEV005_wf/func_preproc_ses_wave2_task_rest_acq_2_wf/bold_reference_wf/enhance_and_skullstrip_bold_wf/n4_mask".
210413-23:56:32,17 nipype.workflow INFO:
	 [Node] Running "n4_mask" ("fmriprep.interfaces.nilearn.MaskEPI")
210413-23:56:33,321 nipype.workflow INFO:
	 [Node] Finished "fmriprep_wf.single_subject_DEV005_wf.func_preproc_ses_wave2_task_rest_acq_2_wf.bold_reference_wf.enhance_and_skullstrip_bold_wf.n4_mask".
210413-23:56:33,970 nipype.workflow INFO:
	 [Node] Setting-up "fmriprep_wf.single_subject_DEV005_wf.func_preproc_ses_wave2_task_rest_acq_2_wf.bold_reference_wf.enhance_and_skullstrip_bold_wf.n4_correct" in "/tmp/fmriprep_wf/single_subject_DEV005_wf/func_preproc_ses_wave2_task_rest_acq_2_wf/bold_reference_wf/enhance_and_skullstrip_bold_wf/n4_correct".
210413-23:56:33,974 nipype.workflow INFO:
	 [Node] Running "n4_correct" ("nipype.interfaces.ants.segmentation.N4BiasFieldCorrection"), a CommandLine Interface with command:
N4BiasFieldCorrection -d 3 --input-image /tmp/fmriprep_wf/single_subject_DEV005_wf/func_preproc_ses_wave2_task_rest_acq_2_wf/bold_reference_wf/gen_ref/ref_image.nii.gz --mask-image /tmp/fmriprep_wf/single_subject_DEV005_wf/func_preproc_ses_wave2_task_rest_acq_2_wf/bold_reference_wf/enhance_and_skullstrip_bold_wf/n4_mask/ref_image_mask.nii.gz --output ref_image_corrected.nii.gz
210413-23:56:37,339 nipype.workflow INFO:
	 [Node] Finished "fmriprep_wf.single_subject_DEV005_wf.func_preproc_ses_wave2_task_rest_acq_2_wf.bold_reference_wf.enhance_and_skullstrip_bold_wf.n4_correct".
210413-23:56:38,8 nipype.workflow INFO:
	 [Node] Setting-up "fmriprep_wf.single_subject_DEV005_wf.func_preproc_ses_wave2_task_rest_acq_2_wf.bold_reference_wf.enhance_and_skullstrip_bold_wf.skullstrip_first_pass" in "/tmp/fmriprep_wf/single_subject_DEV005_wf/func_preproc_ses_wave2_task_rest_acq_2_wf/bold_reference_wf/enhance_and_skullstrip_bold_wf/skullstrip_first_pass".
210413-23:56:38,14 nipype.workflow INFO:
	 [Node] Running "skullstrip_first_pass" ("nipype.interfaces.fsl.preprocess.BET"), a CommandLine Interface with command:
bet /tmp/fmriprep_wf/single_subject_DEV005_wf/func_preproc_ses_wave2_task_rest_acq_2_wf/bold_reference_wf/enhance_and_skullstrip_bold_wf/n4_correct/ref_image_corrected.nii.gz /tmp/fmriprep_wf/single_subject_DEV005_wf/func_preproc_ses_wave2_task_rest_acq_2_wf/bold_reference_wf/enhance_and_skullstrip_bold_wf/skullstrip_first_pass/ref_image_corrected_brain.nii.gz -f 0.20 -m
210413-23:56:40,75 nipype.workflow INFO:
	 [Node] Finished "fmriprep_wf.single_subject_DEV005_wf.func_preproc_ses_wave2_task_rest_acq_2_wf.bold_reference_wf.enhance_and_skullstrip_bold_wf.skullstrip_first_pass".
210413-23:56:42,13 nipype.workflow INFO:
	 [Node] Setting-up "fmriprep_wf.single_subject_DEV005_wf.func_preproc_ses_wave2_task_rest_acq_2_wf.bold_reference_wf.enhance_and_skullstrip_bold_wf.skullstrip_first_dilate" in "/tmp/fmriprep_wf/single_subject_DEV005_wf/func_preproc_ses_wave2_task_rest_acq_2_wf/bold_reference_wf/enhance_and_skullstrip_bold_wf/skullstrip_first_dilate".
210413-23:56:42,18 nipype.workflow INFO:
	 [Node] Running "skullstrip_first_dilate" ("nipype.interfaces.fsl.maths.DilateImage"), a CommandLine Interface with command:
fslmaths -dt char /tmp/fmriprep_wf/single_subject_DEV005_wf/func_preproc_ses_wave2_task_rest_acq_2_wf/bold_reference_wf/enhance_and_skullstrip_bold_wf/skullstrip_first_pass/ref_image_corrected_brain_mask.nii.gz -kernel sphere 6.0000 -dilF /tmp/fmriprep_wf/single_subject_DEV005_wf/func_preproc_ses_wave2_task_rest_acq_2_wf/bold_reference_wf/enhance_and_skullstrip_bold_wf/skullstrip_first_dilate/ref_image_corrected_brain_mask_dil.nii.gz
210413-23:56:43,954 nipype.workflow INFO:
	 [Node] Finished "fmriprep_wf.single_subject_DEV005_wf.func_preproc_ses_wave2_task_rest_acq_2_wf.bold_reference_wf.enhance_and_skullstrip_bold_wf.skullstrip_first_dilate".
210413-23:56:46,17 nipype.workflow INFO:
	 [Node] Setting-up "fmriprep_wf.single_subject_DEV005_wf.func_preproc_ses_wave2_task_rest_acq_2_wf.bold_reference_wf.enhance_and_skullstrip_bold_wf.skullstrip_first_mask" in "/tmp/fmriprep_wf/single_subject_DEV005_wf/func_preproc_ses_wave2_task_rest_acq_2_wf/bold_reference_wf/enhance_and_skullstrip_bold_wf/skullstrip_first_mask".
210413-23:56:46,21 nipype.workflow INFO:
	 [Node] Running "skullstrip_first_mask" ("nipype.interfaces.fsl.maths.ApplyMask"), a CommandLine Interface with command:
fslmaths /tmp/fmriprep_wf/single_subject_DEV005_wf/func_preproc_ses_wave2_task_rest_acq_2_wf/bold_reference_wf/enhance_and_skullstrip_bold_wf/skullstrip_first_pass/ref_image_corrected_brain.nii.gz -mas /tmp/fmriprep_wf/single_subject_DEV005_wf/func_preproc_ses_wave2_task_rest_acq_2_wf/bold_reference_wf/enhance_and_skullstrip_bold_wf/skullstrip_first_dilate/ref_image_corrected_brain_mask_dil.nii.gz /tmp/fmriprep_wf/single_subject_DEV005_wf/func_preproc_ses_wave2_task_rest_acq_2_wf/bold_reference_wf/enhance_and_skullstrip_bold_wf/skullstrip_first_mask/ref_image_corrected_brain_masked.nii.gz
210413-23:56:46,257 nipype.workflow INFO:
	 [Node] Finished "fmriprep_wf.single_subject_DEV005_wf.func_preproc_ses_wave2_task_rest_acq_2_wf.bold_reference_wf.enhance_and_skullstrip_bold_wf.skullstrip_first_mask".
210413-23:56:48,18 nipype.workflow INFO:
	 [Node] Setting-up "fmriprep_wf.single_subject_DEV005_wf.func_preproc_ses_wave2_task_rest_acq_2_wf.bold_reference_wf.enhance_and_skullstrip_bold_wf.unifize" in "/tmp/fmriprep_wf/single_subject_DEV005_wf/func_preproc_ses_wave2_task_rest_acq_2_wf/bold_reference_wf/enhance_and_skullstrip_bold_wf/unifize".
210413-23:56:48,24 nipype.workflow INFO:
	 [Node] Running "unifize" ("nipype.interfaces.afni.utils.Unifize"), a CommandLine Interface with command:
3dUnifize -clfrac 0.2 -rbt 18.3 65.0 90.0 -prefix uni.nii.gz -T2 -input /tmp/fmriprep_wf/single_subject_DEV005_wf/func_preproc_ses_wave2_task_rest_acq_2_wf/bold_reference_wf/enhance_and_skullstrip_bold_wf/unifize/ref_image_corrected_brain_masked.nii.gz
210413-23:56:51,482 nipype.workflow INFO:
	 [Node] Finished "fmriprep_wf.single_subject_DEV005_wf.func_preproc_ses_wave2_task_rest_acq_2_wf.bold_reference_wf.enhance_and_skullstrip_bold_wf.unifize".
210413-23:56:52,22 nipype.workflow INFO:
	 [Node] Setting-up "fmriprep_wf.single_subject_DEV005_wf.func_preproc_ses_wave2_task_rest_acq_2_wf.bold_reference_wf.enhance_and_skullstrip_bold_wf.fixhdr_unifize" in "/tmp/fmriprep_wf/single_subject_DEV005_wf/func_preproc_ses_wave2_task_rest_acq_2_wf/bold_reference_wf/enhance_and_skullstrip_bold_wf/fixhdr_unifize".
210413-23:56:52,26 nipype.workflow INFO:
	 [Node] Running "fixhdr_unifize" ("niworkflows.interfaces.utils.CopyXForm")
210413-23:56:52,157 nipype.workflow INFO:
	 [Node] Finished "fmriprep_wf.single_subject_DEV005_wf.func_preproc_ses_wave2_task_rest_acq_2_wf.bold_reference_wf.enhance_and_skullstrip_bold_wf.fixhdr_unifize".
210413-23:56:54,24 nipype.workflow INFO:
	 [Node] Setting-up "fmriprep_wf.single_subject_DEV005_wf.func_preproc_ses_wave2_task_rest_acq_2_wf.bold_reference_wf.enhance_and_skullstrip_bold_wf.skullstrip_second_pass" in "/tmp/fmriprep_wf/single_subject_DEV005_wf/func_preproc_ses_wave2_task_rest_acq_2_wf/bold_reference_wf/enhance_and_skullstrip_bold_wf/skullstrip_second_pass".
210413-23:56:54,29 nipype.workflow INFO:
	 [Node] Running "skullstrip_second_pass" ("nipype.interfaces.afni.preprocess.Automask"), a CommandLine Interface with command:
3dAutomask -apply_prefix uni_xform_masked.nii.gz -dilate 1 -prefix uni_xform_mask.nii.gz /tmp/fmriprep_wf/single_subject_DEV005_wf/func_preproc_ses_wave2_task_rest_acq_2_wf/bold_reference_wf/enhance_and_skullstrip_bold_wf/skullstrip_second_pass/uni_xform.nii.gz
210413-23:56:54,453 nipype.workflow INFO:
	 [Node] Finished "fmriprep_wf.single_subject_DEV005_wf.func_preproc_ses_wave2_task_rest_acq_2_wf.bold_reference_wf.enhance_and_skullstrip_bold_wf.skullstrip_second_pass".
210413-23:56:56,27 nipype.workflow INFO:
	 [Node] Setting-up "fmriprep_wf.single_subject_DEV005_wf.func_preproc_ses_wave2_task_rest_acq_2_wf.bold_reference_wf.enhance_and_skullstrip_bold_wf.fixhdr_skullstrip2" in "/tmp/fmriprep_wf/single_subject_DEV005_wf/func_preproc_ses_wave2_task_rest_acq_2_wf/bold_reference_wf/enhance_and_skullstrip_bold_wf/fixhdr_skullstrip2".
210413-23:56:56,30 nipype.workflow INFO:
	 [Node] Running "fixhdr_skullstrip2" ("niworkflows.interfaces.utils.CopyXForm")
210413-23:56:56,92 nipype.workflow INFO:
	 [Node] Finished "fmriprep_wf.single_subject_DEV005_wf.func_preproc_ses_wave2_task_rest_acq_2_wf.bold_reference_wf.enhance_and_skullstrip_bold_wf.fixhdr_skullstrip2".
210413-23:56:58,29 nipype.workflow INFO:
	 [Node] Setting-up "fmriprep_wf.single_subject_DEV005_wf.func_preproc_ses_wave2_task_rest_acq_2_wf.bold_reference_wf.enhance_and_skullstrip_bold_wf.combine_masks" in "/tmp/fmriprep_wf/single_subject_DEV005_wf/func_preproc_ses_wave2_task_rest_acq_2_wf/bold_reference_wf/enhance_and_skullstrip_bold_wf/combine_masks".
210413-23:56:58,34 nipype.workflow INFO:
	 [Node] Running "combine_masks" ("nipype.interfaces.fsl.maths.BinaryMaths"), a CommandLine Interface with command:
fslmaths /tmp/fmriprep_wf/single_subject_DEV005_wf/func_preproc_ses_wave2_task_rest_acq_2_wf/bold_reference_wf/enhance_and_skullstrip_bold_wf/skullstrip_first_pass/ref_image_corrected_brain_mask.nii.gz -mul /tmp/fmriprep_wf/single_subject_DEV005_wf/func_preproc_ses_wave2_task_rest_acq_2_wf/bold_reference_wf/enhance_and_skullstrip_bold_wf/fixhdr_skullstrip2/uni_xform_mask_xform.nii.gz /tmp/fmriprep_wf/single_subject_DEV005_wf/func_preproc_ses_wave2_task_rest_acq_2_wf/bold_reference_wf/enhance_and_skullstrip_bold_wf/combine_masks/ref_image_corrected_brain_mask_maths.nii.gz
210413-23:56:58,214 nipype.workflow INFO:
	 [Node] Finished "fmriprep_wf.single_subject_DEV005_wf.func_preproc_ses_wave2_task_rest_acq_2_wf.bold_reference_wf.enhance_and_skullstrip_bold_wf.combine_masks".
210413-23:57:00,32 nipype.workflow INFO:
	 [Node] Setting-up "fmriprep_wf.single_subject_DEV005_wf.func_preproc_ses_wave2_task_rest_acq_2_wf.bold_reference_wf.enhance_and_skullstrip_bold_wf.apply_mask" in "/tmp/fmriprep_wf/single_subject_DEV005_wf/func_preproc_ses_wave2_task_rest_acq_2_wf/bold_reference_wf/enhance_and_skullstrip_bold_wf/apply_mask".
210413-23:57:00,37 nipype.workflow INFO:
	 [Node] Running "apply_mask" ("nipype.interfaces.fsl.maths.ApplyMask"), a CommandLine Interface with command:
fslmaths /tmp/fmriprep_wf/single_subject_DEV005_wf/func_preproc_ses_wave2_task_rest_acq_2_wf/bold_reference_wf/enhance_and_skullstrip_bold_wf/fixhdr_unifize/uni_xform.nii.gz -mas /tmp/fmriprep_wf/single_subject_DEV005_wf/func_preproc_ses_wave2_task_rest_acq_2_wf/bold_reference_wf/enhance_and_skullstrip_bold_wf/combine_masks/ref_image_corrected_brain_mask_maths.nii.gz /tmp/fmriprep_wf/single_subject_DEV005_wf/func_preproc_ses_wave2_task_rest_acq_2_wf/bold_reference_wf/enhance_and_skullstrip_bold_wf/apply_mask/uni_xform_masked.nii.gz
210413-23:57:00,263 nipype.workflow INFO:
	 [Node] Finished "fmriprep_wf.single_subject_DEV005_wf.func_preproc_ses_wave2_task_rest_acq_2_wf.bold_reference_wf.enhance_and_skullstrip_bold_wf.apply_mask".
210413-23:57:02,39 nipype.workflow INFO:
	 [Node] Setting-up "fmriprep_wf.single_subject_DEV005_wf.func_preproc_ses_wave2_task_rest_acq_2_wf.sdc_wf.pepolar_unwarp_wf.prepare_epi_matching_wf.fmap2ref_reg" in "/tmp/fmriprep_wf/single_subject_DEV005_wf/func_preproc_ses_wave2_task_rest_acq_2_wf/sdc_wf/pepolar_unwarp_wf/prepare_epi_matching_wf/fmap2ref_reg".
210413-23:57:02,49 nipype.workflow INFO:
	 [Node] Running "fmap2ref_reg" ("nipype.interfaces.ants.registration.Registration"), a CommandLine Interface with command:
antsRegistration --collapse-output-transforms 1 --dimensionality 3 --float 1 --initialize-transforms-per-stage 0 --interpolation LanczosWindowedSinc --output [ transform, transform_Warped.nii.gz ] --transform Translation[ 0.05 ] --metric Mattes[ /tmp/fmriprep_wf/single_subject_DEV005_wf/func_preproc_ses_wave2_task_rest_acq_2_wf/bold_reference_wf/enhance_and_skullstrip_bold_wf/apply_mask/uni_xform_masked.nii.gz, /tmp/fmriprep_wf/single_subject_DEV005_wf/func_preproc_ses_wave2_task_rest_acq_2_wf/sdc_wf/pepolar_unwarp_wf/prepare_epi_matching_wf/enhance_and_skullstrip_bold_wf/apply_mask/uni_xform_masked.nii.gz, 1, 64, Random, 0.5 ] --convergence [ 500, 1e-07, 200 ] --smoothing-sigmas 8.0mm --shrink-factors 2 --use-estimate-learning-rate-once 1 --use-histogram-matching 1 --transform Rigid[ 0.01 ] --metric Mattes[ /tmp/fmriprep_wf/single_subject_DEV005_wf/func_preproc_ses_wave2_task_rest_acq_2_wf/bold_reference_wf/enhance_and_skullstrip_bold_wf/apply_mask/uni_xform_masked.nii.gz, /tmp/fmriprep_wf/single_subject_DEV005_wf/func_preproc_ses_wave2_task_rest_acq_2_wf/sdc_wf/pepolar_unwarp_wf/prepare_epi_matching_wf/enhance_and_skullstrip_bold_wf/apply_mask/uni_xform_masked.nii.gz, 1, 64, Random, 0.5 ] --convergence [ 200, 1e-08, 100 ] --smoothing-sigmas 2.0mm --shrink-factors 1 --use-estimate-learning-rate-once 1 --use-histogram-matching 1 --winsorize-image-intensities [ 0.005, 0.998 ]  --write-composite-transform 1
210413-23:57:37,143 nipype.workflow WARNING:
	 [Node] Error on "fmriprep_wf.single_subject_DEV005_wf.func_preproc_ses_wave2_task_rest_acq_2_wf.sdc_wf.pepolar_unwarp_wf.prepare_epi_matching_wf.fmap2ref_reg" (/tmp/fmriprep_wf/single_subject_DEV005_wf/func_preproc_ses_wave2_task_rest_acq_2_wf/sdc_wf/pepolar_unwarp_wf/prepare_epi_matching_wf/fmap2ref_reg)
210413-23:57:37,925 nipype.workflow ERROR:
	 Node fmap2ref_reg failed to run on host n051.
210413-23:57:37,925 nipype.workflow ERROR:
	 Saving crash info to /projects/sanlab/shared/DEV/bids_data/rs_derivatives/fmriprep/sub-DEV005/log/20210413-234246_ff49fe5b-4921-4fe4-b3ca-15a6d249c05e/crash-20210413-235737-kcheung3-fmap2ref_reg-4e7deb6b-dc3c-4652-b2fb-96d1c89e1934.txt
Traceback (most recent call last):
  File "/usr/local/miniconda/lib/python3.6/site-packages/nipype/pipeline/plugins/multiproc.py", line 69, in run_node
    result['result'] = node.run(updatehash=updatehash)
  File "/usr/local/miniconda/lib/python3.6/site-packages/nipype/pipeline/engine/nodes.py", line 480, in run
    result = self._run_interface(execute=True)
  File "/usr/local/miniconda/lib/python3.6/site-packages/nipype/pipeline/engine/nodes.py", line 564, in _run_interface
    return self._run_command(execute)
  File "/usr/local/miniconda/lib/python3.6/site-packages/nipype/pipeline/engine/nodes.py", line 644, in _run_command
    result = self._interface.run(cwd=outdir)
  File "/usr/local/miniconda/lib/python3.6/site-packages/nipype/interfaces/base/core.py", line 523, in run
    outputs = self.aggregate_outputs(runtime)
  File "/usr/local/miniconda/lib/python3.6/site-packages/nipype/interfaces/base/core.py", line 597, in aggregate_outputs
    predicted_outputs = self._list_outputs()
  File "/usr/local/miniconda/lib/python3.6/site-packages/nipype/interfaces/ants/registration.py", line 1253, in _list_outputs
    outputs['composite_transform'] = os.path.abspath(filename)
  File "/usr/local/miniconda/lib/python3.6/posixpath.py", line 376, in abspath
    cwd = os.getcwd()
FileNotFoundError: [Errno 2] No such file or directory

210413-23:57:38,168 nipype.workflow INFO:
	 [Node] Setting-up "fmriprep_wf.single_subject_DEV005_wf.func_preproc_ses_wave2_task_rest_acq_2_wf.sdc_wf.pepolar_unwarp_wf.prepare_epi_opposite_wf.fmap2ref_reg" in "/tmp/fmriprep_wf/single_subject_DEV005_wf/func_preproc_ses_wave2_task_rest_acq_2_wf/sdc_wf/pepolar_unwarp_wf/prepare_epi_opposite_wf/fmap2ref_reg".
210413-23:57:38,178 nipype.workflow INFO:
	 [Node] Running "fmap2ref_reg" ("nipype.interfaces.ants.registration.Registration"), a CommandLine Interface with command:
antsRegistration --collapse-output-transforms 1 --dimensionality 3 --float 1 --initialize-transforms-per-stage 0 --interpolation LanczosWindowedSinc --output [ transform, transform_Warped.nii.gz ] --transform Translation[ 0.05 ] --metric Mattes[ /tmp/fmriprep_wf/single_subject_DEV005_wf/func_preproc_ses_wave2_task_rest_acq_2_wf/bold_reference_wf/enhance_and_skullstrip_bold_wf/apply_mask/uni_xform_masked.nii.gz, /tmp/fmriprep_wf/single_subject_DEV005_wf/func_preproc_ses_wave2_task_rest_acq_2_wf/sdc_wf/pepolar_unwarp_wf/prepare_epi_opposite_wf/enhance_and_skullstrip_bold_wf/apply_mask/uni_xform_masked.nii.gz, 1, 64, Random, 0.5 ] --convergence [ 500, 1e-07, 200 ] --smoothing-sigmas 8.0mm --shrink-factors 2 --use-estimate-learning-rate-once 1 --use-histogram-matching 1 --transform Rigid[ 0.01 ] --metric Mattes[ /tmp/fmriprep_wf/single_subject_DEV005_wf/func_preproc_ses_wave2_task_rest_acq_2_wf/bold_reference_wf/enhance_and_skullstrip_bold_wf/apply_mask/uni_xform_masked.nii.gz, /tmp/fmriprep_wf/single_subject_DEV005_wf/func_preproc_ses_wave2_task_rest_acq_2_wf/sdc_wf/pepolar_unwarp_wf/prepare_epi_opposite_wf/enhance_and_skullstrip_bold_wf/apply_mask/uni_xform_masked.nii.gz, 1, 64, Random, 0.5 ] --convergence [ 200, 1e-08, 100 ] --smoothing-sigmas 2.0mm --shrink-factors 1 --use-estimate-learning-rate-once 1 --use-histogram-matching 1 --winsorize-image-intensities [ 0.005, 0.998 ]  --write-composite-transform 1
210413-23:58:13,792 nipype.workflow WARNING:
	 [Node] Error on "fmriprep_wf.single_subject_DEV005_wf.func_preproc_ses_wave2_task_rest_acq_2_wf.sdc_wf.pepolar_unwarp_wf.prepare_epi_opposite_wf.fmap2ref_reg" (/tmp/fmriprep_wf/single_subject_DEV005_wf/func_preproc_ses_wave2_task_rest_acq_2_wf/sdc_wf/pepolar_unwarp_wf/prepare_epi_opposite_wf/fmap2ref_reg)
210413-23:58:14,20 nipype.workflow ERROR:
	 Node fmap2ref_reg failed to run on host n051.
210413-23:58:14,20 nipype.workflow ERROR:
	 Saving crash info to /projects/sanlab/shared/DEV/bids_data/rs_derivatives/fmriprep/sub-DEV005/log/20210413-234246_ff49fe5b-4921-4fe4-b3ca-15a6d249c05e/crash-20210413-235814-kcheung3-fmap2ref_reg-7949d503-3b5e-40d1-b5ad-4655400dc204.txt
Traceback (most recent call last):
  File "/usr/local/miniconda/lib/python3.6/site-packages/nipype/pipeline/engine/nodes.py", line 480, in run
    result = self._run_interface(execute=True)
  File "/usr/local/miniconda/lib/python3.6/site-packages/nipype/pipeline/engine/nodes.py", line 564, in _run_interface
    return self._run_command(execute)
  File "/usr/local/miniconda/lib/python3.6/site-packages/nipype/pipeline/engine/nodes.py", line 644, in _run_command
    result = self._interface.run(cwd=outdir)
  File "/usr/local/miniconda/lib/python3.6/site-packages/nipype/interfaces/base/core.py", line 523, in run
    outputs = self.aggregate_outputs(runtime)
  File "/usr/local/miniconda/lib/python3.6/site-packages/nipype/interfaces/base/core.py", line 597, in aggregate_outputs
    predicted_outputs = self._list_outputs()
  File "/usr/local/miniconda/lib/python3.6/site-packages/nipype/interfaces/ants/registration.py", line 1253, in _list_outputs
    outputs['composite_transform'] = os.path.abspath(filename)
  File "/usr/local/miniconda/lib/python3.6/posixpath.py", line 376, in abspath
    cwd = os.getcwd()
FileNotFoundError: [Errno 2] No such file or directory

During handling of the above exception, another exception occurred:

Traceback (most recent call last):
  File "/usr/local/miniconda/lib/python3.6/site-packages/nipype/pipeline/plugins/multiproc.py", line 69, in run_node
    result['result'] = node.run(updatehash=updatehash)
  File "/usr/local/miniconda/lib/python3.6/site-packages/nipype/pipeline/engine/nodes.py", line 484, in run
    os.remove(hashfile_unfinished)
FileNotFoundError: [Errno 2] No such file or directory: '/tmp/fmriprep_wf/single_subject_DEV005_wf/func_preproc_ses_wave2_task_rest_acq_2_wf/sdc_wf/pepolar_unwarp_wf/prepare_epi_opposite_wf/fmap2ref_reg/_0x1557f5f34b9dd96f3aecfc75f37d94e2_unfinished.json'

210413-23:58:34,229 nipype.workflow INFO:
	 [Node] Setting-up "_n4_correct0" in "/tmp/fmriprep_wf/single_subject_DEV005_wf/anat_preproc_wf/anat_template_wf/n4_correct/mapflow/_n4_correct0".
210413-23:58:34,235 nipype.workflow INFO:
	 [Node] Running "_n4_correct0" ("nipype.interfaces.ants.segmentation.N4BiasFieldCorrection"), a CommandLine Interface with command:
N4BiasFieldCorrection -d 3 --input-image /projects/sanlab/shared/DEV/bids_data/sub-DEV005/ses-wave1/anat/sub-DEV005_ses-wave1_T1w.nii.gz --output sub-DEV005_ses-wave1_T1w_corrected.nii.gz
210414-00:01:28,223 nipype.workflow ERROR:
	 Node _n4_correct0 failed to run on host n051.
210414-00:01:28,223 nipype.workflow ERROR:
	 Saving crash info to /projects/sanlab/shared/DEV/bids_data/rs_derivatives/fmriprep/sub-DEV005/log/20210413-234246_ff49fe5b-4921-4fe4-b3ca-15a6d249c05e/crash-20210414-000128-kcheung3-_n4_correct0-48c88622-ee52-49b5-9fce-4bb016301a7e.txt
Traceback (most recent call last):
  File "/usr/local/miniconda/lib/python3.6/shutil.py", line 544, in move
    os.rename(src, real_dst)
FileNotFoundError: [Errno 2] No such file or directory: '/tmp/fmriprep_wf/single_subject_DEV005_wf/anat_preproc_wf/anat_template_wf/n4_correct/mapflow/_n4_correct0/_0x6731c062b885c6667b2637211ed65bb8_unfinished.json' -> '/tmp/fmriprep_wf/single_subject_DEV005_wf/anat_preproc_wf/anat_template_wf/n4_correct/mapflow/_n4_correct0/_0x6731c062b885c6667b2637211ed65bb8.json'

During handling of the above exception, another exception occurred:

Traceback (most recent call last):
  File "/usr/local/miniconda/lib/python3.6/site-packages/nipype/pipeline/plugins/multiproc.py", line 69, in run_node
    result['result'] = node.run(updatehash=updatehash)
  File "/usr/local/miniconda/lib/python3.6/site-packages/nipype/pipeline/engine/nodes.py", line 489, in run
    hashfile_unfinished.replace('_unfinished', ''))
  File "/usr/local/miniconda/lib/python3.6/shutil.py", line 558, in move
    copy_function(src, real_dst)
  File "/usr/local/miniconda/lib/python3.6/shutil.py", line 257, in copy2
    copyfile(src, dst, follow_symlinks=follow_symlinks)
  File "/usr/local/miniconda/lib/python3.6/shutil.py", line 120, in copyfile
    with open(src, 'rb') as fsrc:
FileNotFoundError: [Errno 2] No such file or directory: '/tmp/fmriprep_wf/single_subject_DEV005_wf/anat_preproc_wf/anat_template_wf/n4_correct/mapflow/_n4_correct0/_0x6731c062b885c6667b2637211ed65bb8_unfinished.json'

210414-00:01:28,431 nipype.workflow INFO:
	 [Node] Setting-up "_n4_correct1" in "/tmp/fmriprep_wf/single_subject_DEV005_wf/anat_preproc_wf/anat_template_wf/n4_correct/mapflow/_n4_correct1".
210414-00:01:28,438 nipype.workflow INFO:
	 [Node] Running "_n4_correct1" ("nipype.interfaces.ants.segmentation.N4BiasFieldCorrection"), a CommandLine Interface with command:
N4BiasFieldCorrection -d 3 --input-image /projects/sanlab/shared/DEV/bids_data/sub-DEV005/ses-wave2/anat/sub-DEV005_ses-wave2_T1w.nii.gz --output sub-DEV005_ses-wave2_T1w_corrected.nii.gz
210414-00:04:22,408 nipype.workflow ERROR:
	 Node _n4_correct1 failed to run on host n051.
210414-00:04:22,408 nipype.workflow ERROR:
	 Saving crash info to /projects/sanlab/shared/DEV/bids_data/rs_derivatives/fmriprep/sub-DEV005/log/20210413-234246_ff49fe5b-4921-4fe4-b3ca-15a6d249c05e/crash-20210414-000422-kcheung3-_n4_correct1-d6f22995-0b8c-4e43-b78d-6b2d042972fe.txt
Traceback (most recent call last):
  File "/usr/local/miniconda/lib/python3.6/shutil.py", line 544, in move
    os.rename(src, real_dst)
FileNotFoundError: [Errno 2] No such file or directory: '/tmp/fmriprep_wf/single_subject_DEV005_wf/anat_preproc_wf/anat_template_wf/n4_correct/mapflow/_n4_correct1/_0xa98817076a900347b2b5ff1377d5d1ab_unfinished.json' -> '/tmp/fmriprep_wf/single_subject_DEV005_wf/anat_preproc_wf/anat_template_wf/n4_correct/mapflow/_n4_correct1/_0xa98817076a900347b2b5ff1377d5d1ab.json'

During handling of the above exception, another exception occurred:

Traceback (most recent call last):
  File "/usr/local/miniconda/lib/python3.6/site-packages/nipype/pipeline/plugins/multiproc.py", line 69, in run_node
    result['result'] = node.run(updatehash=updatehash)
  File "/usr/local/miniconda/lib/python3.6/site-packages/nipype/pipeline/engine/nodes.py", line 489, in run
    hashfile_unfinished.replace('_unfinished', ''))
  File "/usr/local/miniconda/lib/python3.6/shutil.py", line 558, in move
    copy_function(src, real_dst)
  File "/usr/local/miniconda/lib/python3.6/shutil.py", line 257, in copy2
    copyfile(src, dst, follow_symlinks=follow_symlinks)
  File "/usr/local/miniconda/lib/python3.6/shutil.py", line 120, in copyfile
    with open(src, 'rb') as fsrc:
FileNotFoundError: [Errno 2] No such file or directory: '/tmp/fmriprep_wf/single_subject_DEV005_wf/anat_preproc_wf/anat_template_wf/n4_correct/mapflow/_n4_correct1/_0xa98817076a900347b2b5ff1377d5d1ab_unfinished.json'

210414-00:04:24,401 nipype.workflow ERROR:
	 could not run node: fmriprep_wf.single_subject_DEV005_wf.func_preproc_ses_wave1_task_rest_acq_1_wf.sdc_wf.pepolar_unwarp_wf.prepare_epi_opposite_wf.split
210414-00:04:24,402 nipype.workflow ERROR:
	 could not run node: fmriprep_wf.single_subject_DEV005_wf.func_preproc_ses_wave1_task_rest_acq_1_wf.sdc_wf.pepolar_unwarp_wf.prepare_epi_matching_wf.split
210414-00:04:24,404 nipype.workflow ERROR:
	 could not run node: fmriprep_wf.single_subject_DEV005_wf.func_preproc_ses_wave1_task_rest_acq_1_wf.bold_reference_wf.validate
210414-00:04:24,405 nipype.workflow ERROR:
	 could not run node: fmriprep_wf.single_subject_DEV005_wf.func_preproc_ses_wave1_task_rest_acq_2_wf.bold_reference_wf.enhance_and_skullstrip_bold_wf.skullstrip_first_pass
210414-00:04:24,406 nipype.workflow ERROR:
	 could not run node: fmriprep_wf.single_subject_DEV005_wf.func_preproc_ses_wave2_task_rest_acq_1_wf.bold_split
210414-00:04:24,407 nipype.workflow ERROR:
	 could not run node: fmriprep_wf.single_subject_DEV005_wf.func_preproc_ses_wave2_task_rest_acq_1_wf.bold_hmc_wf.mcflirt
210414-00:04:24,408 nipype.workflow ERROR:
	 could not run node: fmriprep_wf.single_subject_DEV005_wf.func_preproc_ses_wave2_task_rest_acq_1_wf.sdc_wf.pepolar_unwarp_wf.prepare_epi_matching_wf.fmap2ref_reg
210414-00:04:24,409 nipype.workflow ERROR:
	 could not run node: fmriprep_wf.single_subject_DEV005_wf.func_preproc_ses_wave2_task_rest_acq_2_wf.bold_split
210414-00:04:24,409 nipype.workflow ERROR:
	 could not run node: fmriprep_wf.single_subject_DEV005_wf.func_preproc_ses_wave2_task_rest_acq_2_wf.bold_hmc_wf.mcflirt
210414-00:04:24,410 nipype.workflow ERROR:
	 could not run node: fmriprep_wf.single_subject_DEV005_wf.func_preproc_ses_wave2_task_rest_acq_2_wf.sdc_wf.pepolar_unwarp_wf.prepare_epi_matching_wf.fmap2ref_reg
210414-00:04:24,411 nipype.workflow ERROR:
	 could not run node: fmriprep_wf.single_subject_DEV005_wf.func_preproc_ses_wave2_task_rest_acq_2_wf.sdc_wf.pepolar_unwarp_wf.prepare_epi_opposite_wf.fmap2ref_reg
210414-00:04:24,412 nipype.workflow ERROR:
	 could not run node: fmriprep_wf.single_subject_DEV005_wf.anat_preproc_wf.anat_template_wf.n4_correct
210414-00:04:24,415 nipype.workflow ERROR:
	 could not run node: fmriprep_wf.single_subject_DEV005_wf.anat_preproc_wf.anat_template_wf.n4_correct



done

-----------------------
